Source locally installed gems is ignoring #<Bundler::StubSpecification name=websocket-driver version=0.7.6 platform=ruby> because it is missing extensions
=> Booting Puma
=> Rails 7.1.5.2 application starting in development 
=> Run `bin/rails server --help` for more startup options
DEPRECATION WARNING: Rswag::Ui: WARNING: The method will be renamed to "openapi_endpoint" in v3.0 (called from block in <main> at /Users/haroldmideros/Documents/harold/petzito/backend/config/initializers/rswag_ui.rb:11)
Puma starting in single mode...
* Puma version: 6.6.1 ("Return to Forever")
* Ruby version: ruby 3.3.6 (2024-11-05 revision 75015d4c1f) [arm64-darwin24]
*  Min threads: 3
*  Max threads: 3
*  Environment: development
*          PID: 58534
* Listening on http://127.0.0.1:3000
* Listening on http://[::1]:3000
Use Ctrl-C to stop
Started GET "/cities" for ::1 at 2025-08-17 01:15:39 -0500
Started GET "/flows" for ::1 at 2025-08-17 01:15:39 -0500
Started GET "/countries" for ::1 at 2025-08-17 01:15:39 -0500
  [1m[36mActiveRecord::SchemaMigration Load (0.7ms)[0m  [1m[34mSELECT "schema_migrations"."version" FROM "schema_migrations" ORDER BY "schema_migrations"."version" ASC[0m
Processing by CitiesController#index as */*
Processing by CountriesController#index as */*
Processing by FlowsController#index as */*
  [1m[36mCountry Load (2.1ms)[0m  [1m[34mSELECT "countries".* FROM "countries"[0m
  ↳ app/controllers/countries_controller.rb:5:in `index'
  [1m[36mFlow Load (6.3ms)[0m  [1m[34mSELECT "flows".* FROM "flows"[0m
  [1m[36mCity Load (2.7ms)[0m  [1m[34mSELECT "cities".* FROM "cities"[0m
  ↳ app/controllers/flows_controller.rb:8:in `index'
  ↳ app/controllers/cities_controller.rb:5:in `index'
[active_model_serializers] Rendered ActiveModel::Serializer::CollectionSerializer with ActiveModelSerializers::Adapter::Attributes (0.11ms)
Completed 200 OK in 45ms (Views: 22.9ms | ActiveRecord: 19.4ms | Allocations: 15401)


[active_model_serializers] Rendered ActiveModel::Serializer::CollectionSerializer with ActiveModelSerializers::Adapter::Attributes (0.64ms)
Completed 200 OK in 68ms (Views: 24.8ms | ActiveRecord: 20.7ms | Allocations: 30859)


Started GET "/countries" for ::1 at 2025-08-17 01:15:39 -0500
  [1m[36mCountry Load (1.2ms)[0m  [1m[34mSELECT "countries".* FROM "countries" WHERE "countries"."id" IN ($1, $2, $3, $4)[0m  [["id", 2], ["id", 3], ["id", 5], ["id", 6]]
  ↳ app/controllers/cities_controller.rb:5:in `index'
Processing by CountriesController#index as */*
[active_model_serializers] Rendered ActiveModel::Serializer::CollectionSerializer with ActiveModelSerializers::Adapter::Attributes (4.37ms)
Completed 200 OK in 80ms (Views: 46.1ms | ActiveRecord: 23.5ms | Allocations: 45643)


  [1m[36mCountry Load (0.7ms)[0m  [1m[34mSELECT "countries".* FROM "countries"[0m
  ↳ app/controllers/countries_controller.rb:5:in `index'
[active_model_serializers] Rendered ActiveModel::Serializer::CollectionSerializer with ActiveModelSerializers::Adapter::Attributes (0.43ms)
Completed 200 OK in 3ms (Views: 1.7ms | ActiveRecord: 0.7ms | Allocations: 2495)


Started GET "/cities" for ::1 at 2025-08-17 01:15:39 -0500
Processing by CitiesController#index as */*
  [1m[36mCity Load (1.5ms)[0m  [1m[34mSELECT "cities".* FROM "cities"[0m
  ↳ app/controllers/cities_controller.rb:5:in `index'
  [1m[36mCountry Load (0.4ms)[0m  [1m[34mSELECT "countries".* FROM "countries" WHERE "countries"."id" IN ($1, $2, $3, $4)[0m  [["id", 2], ["id", 3], ["id", 5], ["id", 6]]
  ↳ app/controllers/cities_controller.rb:5:in `index'
[active_model_serializers] Rendered ActiveModel::Serializer::CollectionSerializer with ActiveModelSerializers::Adapter::Attributes (4.11ms)
Completed 200 OK in 9ms (Views: 6.6ms | ActiveRecord: 1.9ms | Allocations: 12581)


Started GET "/flows" for ::1 at 2025-08-17 01:15:39 -0500
Processing by FlowsController#index as */*
  [1m[36mFlow Load (1.4ms)[0m  [1m[34mSELECT "flows".* FROM "flows"[0m
  ↳ app/controllers/flows_controller.rb:8:in `index'
[active_model_serializers] Rendered ActiveModel::Serializer::CollectionSerializer with ActiveModelSerializers::Adapter::Attributes (0.03ms)
Completed 200 OK in 3ms (Views: 1.0ms | ActiveRecord: 1.4ms | Allocations: 837)


Started GET "/flows" for ::1 at 2025-08-17 01:15:44 -0500
Started GET "/cities" for ::1 at 2025-08-17 01:15:44 -0500
Started GET "/countries" for ::1 at 2025-08-17 01:15:44 -0500
Processing by FlowsController#index as */*
Processing by CitiesController#index as */*
Processing by CountriesController#index as */*
  [1m[36mFlow Load (4.1ms)[0m  [1m[34mSELECT "flows".* FROM "flows"[0m
  [1m[36mCity Load (1.1ms)[0m  [1m[34mSELECT "cities".* FROM "cities"[0m
  ↳ app/controllers/flows_controller.rb:8:in `index'
  ↳ app/controllers/cities_controller.rb:5:in `index'
[active_model_serializers] Rendered ActiveModel::Serializer::CollectionSerializer with ActiveModelSerializers::Adapter::Attributes (0.06ms)
  [1m[36mCountry Load (8.5ms)[0m  [1m[34mSELECT "countries".* FROM "countries"[0m
Completed 200 OK in 13ms (Views: 8.9ms | ActiveRecord: 4.1ms | Allocations: 2722)


  ↳ app/controllers/countries_controller.rb:5:in `index'
[active_model_serializers] Rendered ActiveModel::Serializer::CollectionSerializer with ActiveModelSerializers::Adapter::Attributes (0.96ms)
  [1m[36mCountry Load (4.9ms)[0m  [1m[34mSELECT "countries".* FROM "countries" WHERE "countries"."id" IN ($1, $2, $3, $4)[0m  [["id", 2], ["id", 3], ["id", 5], ["id", 6]]
Completed 200 OK in 14ms (Views: 5.4ms | ActiveRecord: 8.4ms | Allocations: 4386)


  ↳ app/controllers/cities_controller.rb:5:in `index'
[active_model_serializers] Rendered ActiveModel::Serializer::CollectionSerializer with ActiveModelSerializers::Adapter::Attributes (3.88ms)
Started GET "/flows" for ::1 at 2025-08-17 01:15:44 -0500
Completed 200 OK in 21ms (Views: 14.9ms | ActiveRecord: 6.0ms | Allocations: 16150)


Processing by FlowsController#index as */*
Started GET "/countries" for ::1 at 2025-08-17 01:15:44 -0500
Started GET "/cities" for ::1 at 2025-08-17 01:15:44 -0500
Processing by CountriesController#index as */*
Processing by CitiesController#index as */*
  [1m[36mFlow Load (2.7ms)[0m  [1m[34mSELECT "flows".* FROM "flows"[0m
  ↳ app/controllers/flows_controller.rb:8:in `index'
[active_model_serializers] Rendered ActiveModel::Serializer::CollectionSerializer with ActiveModelSerializers::Adapter::Attributes (0.03ms)
  [1m[36mCountry Load (2.3ms)[0m  [1m[34mSELECT "countries".* FROM "countries"[0m
Completed 200 OK in 4ms (Views: 1.1ms | ActiveRecord: 2.7ms | Allocations: 1823)


  [1m[36mCity Load (1.9ms)[0m  [1m[34mSELECT "cities".* FROM "cities"[0m
  ↳ app/controllers/countries_controller.rb:5:in `index'
  ↳ app/controllers/cities_controller.rb:5:in `index'
[active_model_serializers] Rendered ActiveModel::Serializer::CollectionSerializer with ActiveModelSerializers::Adapter::Attributes (0.67ms)
Completed 200 OK in 6ms (Views: 4.0ms | ActiveRecord: 2.3ms | Allocations: 4621)


  [1m[36mCountry Load (0.5ms)[0m  [1m[34mSELECT "countries".* FROM "countries" WHERE "countries"."id" IN ($1, $2, $3, $4)[0m  [["id", 2], ["id", 3], ["id", 5], ["id", 6]]
  ↳ app/controllers/cities_controller.rb:5:in `index'
[active_model_serializers] Rendered ActiveModel::Serializer::CollectionSerializer with ActiveModelSerializers::Adapter::Attributes (16.79ms)
Completed 200 OK in 25ms (Views: 22.2ms | ActiveRecord: 2.3ms | Allocations: 15536)


Started GET "/countries" for ::1 at 2025-08-17 01:16:05 -0500
Started GET "/flows" for ::1 at 2025-08-17 01:16:05 -0500
Started GET "/cities" for ::1 at 2025-08-17 01:16:05 -0500
Processing by CountriesController#index as */*
Processing by FlowsController#index as */*
Processing by CitiesController#index as */*
  [1m[36mCountry Load (2.8ms)[0m  [1m[34mSELECT "countries".* FROM "countries"[0m
  [1m[36mFlow Load (1.9ms)[0m  [1m[34mSELECT "flows".* FROM "flows"[0m
  ↳ app/controllers/countries_controller.rb:5:in `index'
  ↳ app/controllers/flows_controller.rb:8:in `index'
[active_model_serializers] Rendered ActiveModel::Serializer::CollectionSerializer with ActiveModelSerializers::Adapter::Attributes (1.7ms)
  [1m[36mCity Load (7.6ms)[0m  [1m[34mSELECT "cities".* FROM "cities"[0m
[active_model_serializers] Rendered ActiveModel::Serializer::CollectionSerializer with ActiveModelSerializers::Adapter::Attributes (0.1ms)
Completed 200 OK in 14ms (Views: 10.9ms | ActiveRecord: 2.8ms | Allocations: 3269)


  ↳ app/controllers/cities_controller.rb:5:in `index'
Completed 200 OK in 13ms (Views: 11.3ms | ActiveRecord: 1.9ms | Allocations: 3408)


  [1m[36mCountry Load (0.8ms)[0m  [1m[34mSELECT "countries".* FROM "countries" WHERE "countries"."id" IN ($1, $2, $3, $4)[0m  [["id", 2], ["id", 3], ["id", 5], ["id", 6]]
Started GET "/countries" for ::1 at 2025-08-17 01:16:05 -0500
  ↳ app/controllers/cities_controller.rb:5:in `index'
[active_model_serializers] Rendered ActiveModel::Serializer::CollectionSerializer with ActiveModelSerializers::Adapter::Attributes (7.28ms)
Completed 200 OK in 26ms (Views: 17.3ms | ActiveRecord: 8.4ms | Allocations: 15996)


Processing by CountriesController#index as */*
Started GET "/flows" for ::1 at 2025-08-17 01:16:05 -0500
Processing by FlowsController#index as */*
Started GET "/cities" for ::1 at 2025-08-17 01:16:05 -0500
Processing by CitiesController#index as */*
  [1m[36mCountry Load (2.6ms)[0m  [1m[34mSELECT "countries".* FROM "countries"[0m
  ↳ app/controllers/countries_controller.rb:5:in `index'
[active_model_serializers] Rendered ActiveModel::Serializer::CollectionSerializer with ActiveModelSerializers::Adapter::Attributes (0.8ms)
Completed 200 OK in 5ms (Views: 2.8ms | ActiveRecord: 2.6ms | Allocations: 3165)


  [1m[36mFlow Load (3.1ms)[0m  [1m[34mSELECT "flows".* FROM "flows"[0m
  ↳ app/controllers/flows_controller.rb:8:in `index'
[active_model_serializers] Rendered ActiveModel::Serializer::CollectionSerializer with ActiveModelSerializers::Adapter::Attributes (0.03ms)
Completed 200 OK in 5ms (Views: 1.3ms | ActiveRecord: 3.1ms | Allocations: 3301)


  [1m[36mCity Load (3.4ms)[0m  [1m[34mSELECT "cities".* FROM "cities"[0m
  ↳ app/controllers/cities_controller.rb:5:in `index'
  [1m[36mCountry Load (1.3ms)[0m  [1m[34mSELECT "countries".* FROM "countries" WHERE "countries"."id" IN ($1, $2, $3, $4)[0m  [["id", 2], ["id", 3], ["id", 5], ["id", 6]]
  ↳ app/controllers/cities_controller.rb:5:in `index'
[active_model_serializers] Rendered ActiveModel::Serializer::CollectionSerializer with ActiveModelSerializers::Adapter::Attributes (7.18ms)
Completed 200 OK in 16ms (Views: 10.9ms | ActiveRecord: 4.7ms | Allocations: 15466)


Started GET "/countries" for ::1 at 2025-08-17 01:16:07 -0500
Started GET "/cities" for ::1 at 2025-08-17 01:16:07 -0500
Processing by CountriesController#index as */*
Started GET "/flows" for ::1 at 2025-08-17 01:16:07 -0500
Processing by CitiesController#index as */*
Processing by FlowsController#index as */*
  [1m[36mCountry Load (5.2ms)[0m  [1m[34mSELECT "countries".* FROM "countries"[0m
  ↳ app/controllers/countries_controller.rb:5:in `index'
[active_model_serializers] Rendered ActiveModel::Serializer::CollectionSerializer with ActiveModelSerializers::Adapter::Attributes (1.75ms)
Completed 200 OK in 13ms (Views: 7.1ms | ActiveRecord: 5.2ms | Allocations: 3009)


  [1m[36mCity Load (9.0ms)[0m  [1m[34mSELECT "cities".* FROM "cities"[0m
  [1m[36mFlow Load (8.0ms)[0m  [1m[34mSELECT "flows".* FROM "flows"[0m
  ↳ app/controllers/cities_controller.rb:5:in `index'
  ↳ app/controllers/flows_controller.rb:8:in `index'
[active_model_serializers] Rendered ActiveModel::Serializer::CollectionSerializer with ActiveModelSerializers::Adapter::Attributes (0.04ms)
Completed 200 OK in 12ms (Views: 4.0ms | ActiveRecord: 8.0ms | Allocations: 4328)


Started GET "/countries" for ::1 at 2025-08-17 01:16:07 -0500
  [1m[36mCountry Load (1.4ms)[0m  [1m[34mSELECT "countries".* FROM "countries" WHERE "countries"."id" IN ($1, $2, $3, $4)[0m  [["id", 2], ["id", 3], ["id", 5], ["id", 6]]
  ↳ app/controllers/cities_controller.rb:5:in `index'
[active_model_serializers] Rendered ActiveModel::Serializer::CollectionSerializer with ActiveModelSerializers::Adapter::Attributes (4.3ms)
Processing by CountriesController#index as */*
Completed 200 OK in 23ms (Views: 11.9ms | ActiveRecord: 10.4ms | Allocations: 16535)


Started GET "/flows" for ::1 at 2025-08-17 01:16:07 -0500
Processing by FlowsController#index as */*
  [1m[36mCountry Load (1.9ms)[0m  [1m[34mSELECT "countries".* FROM "countries"[0m
Started GET "/cities" for ::1 at 2025-08-17 01:16:07 -0500
  ↳ app/controllers/countries_controller.rb:5:in `index'
[active_model_serializers] Rendered ActiveModel::Serializer::CollectionSerializer with ActiveModelSerializers::Adapter::Attributes (0.54ms)
Completed 200 OK in 4ms (Views: 2.1ms | ActiveRecord: 1.8ms | Allocations: 3136)


Processing by CitiesController#index as */*
  [1m[36mFlow Load (3.4ms)[0m  [1m[34mSELECT "flows".* FROM "flows"[0m
  ↳ app/controllers/flows_controller.rb:8:in `index'
[active_model_serializers] Rendered ActiveModel::Serializer::CollectionSerializer with ActiveModelSerializers::Adapter::Attributes (0.03ms)
Completed 200 OK in 4ms (Views: 1.0ms | ActiveRecord: 3.4ms | Allocations: 3473)


  [1m[36mCity Load (1.2ms)[0m  [1m[34mSELECT "cities".* FROM "cities"[0m
  ↳ app/controllers/cities_controller.rb:5:in `index'
  [1m[36mCountry Load (0.6ms)[0m  [1m[34mSELECT "countries".* FROM "countries" WHERE "countries"."id" IN ($1, $2, $3, $4)[0m  [["id", 2], ["id", 3], ["id", 5], ["id", 6]]
  ↳ app/controllers/cities_controller.rb:5:in `index'
[active_model_serializers] Rendered ActiveModel::Serializer::CollectionSerializer with ActiveModelSerializers::Adapter::Attributes (7.14ms)
Completed 200 OK in 12ms (Views: 10.4ms | ActiveRecord: 1.7ms | Allocations: 13400)


Started POST "/flows" for ::1 at 2025-08-17 01:16:24 -0500
Processing by FlowsController#create as */*
  Parameters: {"flow"=>{"name"=>"ProffesionalRegistration", "city_id"=>32, "country_id"=>6, "sections"=>[{"id"=>"section_1755411347109", "name"=>"New Section", "forms"=>[{"id"=>"form_1755411350835", "name"=>"New Form", "fields"=>[{"id"=>"field_1755411355559", "type"=>"text", "label"=>"New Text", "placeholder"=>"Enter text", "validations"=>{"required"=>false}, "metadata"=>{"translatable"=>true}}]}]}]}}
  [1m[36mTRANSACTION (0.4ms)[0m  [1m[35mBEGIN[0m
  ↳ app/controllers/flows_controller.rb:20:in `create'
  [1m[36mFlow Exists? (1.8ms)[0m  [1m[34mSELECT 1 AS one FROM "flows" WHERE "flows"."name" = $1 LIMIT $2[0m  [["name", "ProffesionalRegistration"], ["LIMIT", 1]]
  ↳ app/controllers/flows_controller.rb:20:in `create'
  [1m[36mFlow Create (0.9ms)[0m  [1m[32mINSERT INTO "flows" ("id", "name", "json_schema", "city_id", "country_id", "created_at", "updated_at") VALUES ($1, $2, $3, $4, $5, $6, $7) RETURNING "id"[0m  [["id", "15dc0134-a2e6-4813-b855-dbc72333059b"], ["name", "ProffesionalRegistration"], ["json_schema", "{\"sections\":[{\"id\":\"section_1755411347109\",\"name\":\"New Section\",\"forms\":[{\"id\":\"form_1755411350835\",\"name\":\"New Form\",\"fields\":[{\"id\":\"field_1755411355559\",\"type\":\"text\",\"label\":\"New Text\",\"placeholder\":\"Enter text\",\"validations\":{\"required\":false},\"metadata\":{\"translatable\":true}}]}]}]}"], ["city_id", 32], ["country_id", 6], ["created_at", "2025-08-17 06:16:24.654124"], ["updated_at", "2025-08-17 06:16:24.654124"]]
  ↳ app/controllers/flows_controller.rb:20:in `create'
  [1m[36mTRANSACTION (1.1ms)[0m  [1m[35mCOMMIT[0m
  ↳ app/controllers/flows_controller.rb:20:in `create'
[active_model_serializers]   [1m[36mCity Load (0.3ms)[0m  [1m[34mSELECT "cities".* FROM "cities" WHERE "cities"."id" = $1 LIMIT $2[0m  [["id", 32], ["LIMIT", 1]]
[active_model_serializers]   ↳ app/serializers/flow_serializer.rb:5:in `city'
[active_model_serializers]   [1m[36mCountry Load (0.2ms)[0m  [1m[34mSELECT "countries".* FROM "countries" WHERE "countries"."id" = $1 LIMIT $2[0m  [["id", 6], ["LIMIT", 1]]
[active_model_serializers]   ↳ app/serializers/flow_serializer.rb:11:in `city'
[active_model_serializers]   [1m[36mCACHE Country Load (0.0ms)[0m  [1m[34mSELECT "countries".* FROM "countries" WHERE "countries"."id" = $1 LIMIT $2[0m  [["id", 6], ["LIMIT", 1]]
[active_model_serializers]   ↳ app/serializers/flow_serializer.rb:18:in `country'
[active_model_serializers] Rendered FlowSerializer with ActiveModelSerializers::Adapter::Attributes (13.66ms)
Completed 201 Created in 34ms (Views: 12.7ms | ActiveRecord: 7.2ms | Allocations: 11876)


Started GET "/flows" for ::1 at 2025-08-17 01:16:24 -0500
Processing by FlowsController#index as */*
  [1m[36mFlow Load (0.8ms)[0m  [1m[34mSELECT "flows".* FROM "flows"[0m
  ↳ app/controllers/flows_controller.rb:8:in `index'
[active_model_serializers]   [1m[36mCity Load (0.4ms)[0m  [1m[34mSELECT "cities".* FROM "cities" WHERE "cities"."id" = $1 LIMIT $2[0m  [["id", 32], ["LIMIT", 1]]
[active_model_serializers]   ↳ app/serializers/flow_serializer.rb:5:in `city'
[active_model_serializers]   [1m[36mCountry Load (0.3ms)[0m  [1m[34mSELECT "countries".* FROM "countries" WHERE "countries"."id" = $1 LIMIT $2[0m  [["id", 6], ["LIMIT", 1]]
[active_model_serializers]   ↳ app/serializers/flow_serializer.rb:11:in `city'
[active_model_serializers]   [1m[36mCACHE Country Load (0.0ms)[0m  [1m[34mSELECT "countries".* FROM "countries" WHERE "countries"."id" = $1 LIMIT $2[0m  [["id", 6], ["LIMIT", 1]]
[active_model_serializers]   ↳ app/serializers/flow_serializer.rb:18:in `country'
[active_model_serializers] Rendered ActiveModel::Serializer::CollectionSerializer with ActiveModelSerializers::Adapter::Attributes (3.51ms)
Completed 200 OK in 7ms (Views: 5.7ms | ActiveRecord: 1.4ms | Allocations: 2527)


Started POST "/flows" for ::1 at 2025-08-17 01:20:37 -0500
Processing by FlowsController#create as */*
  Parameters: {"flow"=>{"name"=>"FlujoTestColombia", "city_id"=>32, "country_id"=>6, "sections"=>[{"id"=>"section_test_1", "name"=>"Sección de Prueba", "forms"=>[{"id"=>"form_test_1", "name"=>"Formulario de Prueba", "fields"=>[{"id"=>"field_test_1", "type"=>"text", "label"=>"Campo de Prueba", "placeholder"=>"Ingresa texto de prueba", "validations"=>{"required"=>true}, "metadata"=>{"translatable"=>true}}]}]}]}}
  [1m[36mTRANSACTION (0.7ms)[0m  [1m[35mBEGIN[0m
  ↳ app/controllers/flows_controller.rb:20:in `create'
  [1m[36mFlow Exists? (6.3ms)[0m  [1m[34mSELECT 1 AS one FROM "flows" WHERE "flows"."name" = $1 LIMIT $2[0m  [["name", "FlujoTestColombia"], ["LIMIT", 1]]
  ↳ app/controllers/flows_controller.rb:20:in `create'
  [1m[36mFlow Create (5.6ms)[0m  [1m[32mINSERT INTO "flows" ("id", "name", "json_schema", "city_id", "country_id", "created_at", "updated_at") VALUES ($1, $2, $3, $4, $5, $6, $7) RETURNING "id"[0m  [["id", "d01dac97-a276-4b2b-a640-dcf939c9bedd"], ["name", "FlujoTestColombia"], ["json_schema", "{\"sections\":[{\"id\":\"section_test_1\",\"name\":\"Sección de Prueba\",\"forms\":[{\"id\":\"form_test_1\",\"name\":\"Formulario de Prueba\",\"fields\":[{\"id\":\"field_test_1\",\"type\":\"text\",\"label\":\"Campo de Prueba\",\"placeholder\":\"Ingresa texto de prueba\",\"validations\":{\"required\":true},\"metadata\":{\"translatable\":true}}]}]}]}"], ["city_id", 32], ["country_id", 6], ["created_at", "2025-08-17 06:20:37.400325"], ["updated_at", "2025-08-17 06:20:37.400325"]]
  ↳ app/controllers/flows_controller.rb:20:in `create'
  [1m[36mTRANSACTION (1.7ms)[0m  [1m[35mCOMMIT[0m
  ↳ app/controllers/flows_controller.rb:20:in `create'
[active_model_serializers]   [1m[36mCity Load (2.0ms)[0m  [1m[34mSELECT "cities".* FROM "cities" WHERE "cities"."id" = $1 LIMIT $2[0m  [["id", 32], ["LIMIT", 1]]
[active_model_serializers]   ↳ app/serializers/flow_serializer.rb:5:in `city'
[active_model_serializers]   [1m[36mCountry Load (0.2ms)[0m  [1m[34mSELECT "countries".* FROM "countries" WHERE "countries"."id" = $1 LIMIT $2[0m  [["id", 6], ["LIMIT", 1]]
[active_model_serializers]   ↳ app/serializers/flow_serializer.rb:11:in `city'
[active_model_serializers]   [1m[36mCACHE Country Load (0.0ms)[0m  [1m[34mSELECT "countries".* FROM "countries" WHERE "countries"."id" = $1 LIMIT $2[0m  [["id", 6], ["LIMIT", 1]]
[active_model_serializers]   ↳ app/serializers/flow_serializer.rb:18:in `country'
[active_model_serializers] Rendered FlowSerializer with ActiveModelSerializers::Adapter::Attributes (4.14ms)
Completed 201 Created in 23ms (Views: 2.4ms | ActiveRecord: 16.4ms | Allocations: 4366)


Started GET "/flows/d01dac97-a276-4b2b-a640-dcf939c9bedd" for ::1 at 2025-08-17 01:21:03 -0500
Processing by FlowsController#show as */*
  Parameters: {"id"=>"d01dac97-a276-4b2b-a640-dcf939c9bedd"}
  [1m[36mFlow Load (0.3ms)[0m  [1m[34mSELECT "flows".* FROM "flows" WHERE "flows"."id" = $1 LIMIT $2[0m  [["id", "d01dac97-a276-4b2b-a640-dcf939c9bedd"], ["LIMIT", 1]]
  ↳ app/controllers/flows_controller.rb:68:in `set_flow'
[active_model_serializers]   [1m[36mCity Load (0.4ms)[0m  [1m[34mSELECT "cities".* FROM "cities" WHERE "cities"."id" = $1 LIMIT $2[0m  [["id", 32], ["LIMIT", 1]]
[active_model_serializers]   ↳ app/serializers/flow_serializer.rb:5:in `city'
[active_model_serializers]   [1m[36mCountry Load (0.4ms)[0m  [1m[34mSELECT "countries".* FROM "countries" WHERE "countries"."id" = $1 LIMIT $2[0m  [["id", 6], ["LIMIT", 1]]
[active_model_serializers]   ↳ app/serializers/flow_serializer.rb:11:in `city'
[active_model_serializers]   [1m[36mCACHE Country Load (0.0ms)[0m  [1m[34mSELECT "countries".* FROM "countries" WHERE "countries"."id" = $1 LIMIT $2[0m  [["id", 6], ["LIMIT", 1]]
[active_model_serializers]   ↳ app/serializers/flow_serializer.rb:18:in `country'
[active_model_serializers] Rendered FlowSerializer with ActiveModelSerializers::Adapter::Attributes (2.82ms)
Completed 200 OK in 6ms (Views: 2.7ms | ActiveRecord: 1.1ms | Allocations: 2436)


Started PUT "/flows/d01dac97-a276-4b2b-a640-dcf939c9bedd" for ::1 at 2025-08-17 01:21:30 -0500
Processing by FlowsController#update as */*
  Parameters: {"flow"=>{"name"=>"FlujoTestMexico", "city_id"=>3, "country_id"=>1, "sections"=>[{"id"=>"section_test_1", "name"=>"Sección Modificada", "forms"=>[{"id"=>"form_test_1", "name"=>"Formulario Modificado", "fields"=>[{"id"=>"field_test_1", "type"=>"text", "label"=>"Campo Modificado", "placeholder"=>"Ingresa texto modificado", "validations"=>{"required"=>false}, "metadata"=>{"translatable"=>false}}]}]}]}, "id"=>"d01dac97-a276-4b2b-a640-dcf939c9bedd"}
  [1m[36mFlow Load (0.3ms)[0m  [1m[34mSELECT "flows".* FROM "flows" WHERE "flows"."id" = $1 LIMIT $2[0m  [["id", "d01dac97-a276-4b2b-a640-dcf939c9bedd"], ["LIMIT", 1]]
  ↳ app/controllers/flows_controller.rb:68:in `set_flow'
  [1m[36mTRANSACTION (0.2ms)[0m  [1m[35mBEGIN[0m
  ↳ app/controllers/flows_controller.rb:29:in `update'
  [1m[36mFlow Exists? (1.2ms)[0m  [1m[34mSELECT 1 AS one FROM "flows" WHERE "flows"."name" = $1 AND "flows"."id" != $2 LIMIT $3[0m  [["name", "FlujoTestMexico"], ["id", "d01dac97-a276-4b2b-a640-dcf939c9bedd"], ["LIMIT", 1]]
  ↳ app/controllers/flows_controller.rb:29:in `update'
  [1m[36mFlow Update (3.6ms)[0m  [1m[33mUPDATE "flows" SET "name" = $1, "json_schema" = $2, "city_id" = $3, "country_id" = $4, "updated_at" = $5 WHERE "flows"."id" = $6[0m  [["name", "FlujoTestMexico"], ["json_schema", "{\"sections\":[{\"id\":\"section_test_1\",\"name\":\"Sección Modificada\",\"forms\":[{\"id\":\"form_test_1\",\"name\":\"Formulario Modificado\",\"fields\":[{\"id\":\"field_test_1\",\"type\":\"text\",\"label\":\"Campo Modificado\",\"placeholder\":\"Ingresa texto modificado\",\"validations\":{\"required\":false},\"metadata\":{\"translatable\":false}}]}]}]}"], ["city_id", 3], ["country_id", 1], ["updated_at", "2025-08-17 06:21:30.376447"], ["id", "d01dac97-a276-4b2b-a640-dcf939c9bedd"]]
  ↳ app/controllers/flows_controller.rb:29:in `update'
  [1m[36mTRANSACTION (0.2ms)[0m  [1m[31mROLLBACK[0m
  ↳ app/controllers/flows_controller.rb:29:in `update'
Completed 500 Internal Server Error in 15ms (ActiveRecord: 5.6ms | Allocations: 3582)


  
ActiveRecord::InvalidForeignKey (PG::ForeignKeyViolation: ERROR:  insert or update on table "flows" violates foreign key constraint "fk_rails_a9f06e9579"
DETAIL:  Key (country_id)=(1) is not present in table "countries".
):
  
Started GET "/countries" for ::1 at 2025-08-17 01:21:38 -0500
Processing by CountriesController#index as */*
  [1m[36mCountry Load (2.1ms)[0m  [1m[34mSELECT "countries".* FROM "countries"[0m
  ↳ app/controllers/countries_controller.rb:5:in `index'
[active_model_serializers] Rendered ActiveModel::Serializer::CollectionSerializer with ActiveModelSerializers::Adapter::Attributes (2.21ms)
Completed 200 OK in 8ms (Views: 6.1ms | ActiveRecord: 2.0ms | Allocations: 2070)


Started GET "/cities" for ::1 at 2025-08-17 01:21:44 -0500
Processing by CitiesController#index as */*
  [1m[36mCity Load (4.9ms)[0m  [1m[34mSELECT "cities".* FROM "cities"[0m
  ↳ app/controllers/cities_controller.rb:5:in `index'
  [1m[36mCountry Load (0.9ms)[0m  [1m[34mSELECT "countries".* FROM "countries" WHERE "countries"."id" IN ($1, $2, $3, $4)[0m  [["id", 2], ["id", 3], ["id", 5], ["id", 6]]
  ↳ app/controllers/cities_controller.rb:5:in `index'
[active_model_serializers] Rendered ActiveModel::Serializer::CollectionSerializer with ActiveModelSerializers::Adapter::Attributes (11.8ms)
Completed 200 OK in 28ms (Views: 22.8ms | ActiveRecord: 5.3ms | Allocations: 12573)


Started PUT "/flows/d01dac97-a276-4b2b-a640-dcf939c9bedd" for ::1 at 2025-08-17 01:21:52 -0500
Processing by FlowsController#update as */*
  Parameters: {"flow"=>{"name"=>"FlujoTestMexico", "city_id"=>3, "country_id"=>2, "sections"=>[{"id"=>"section_test_1", "name"=>"Sección Modificada", "forms"=>[{"id"=>"form_test_1", "name"=>"Formulario Modificado", "fields"=>[{"id"=>"field_test_1", "type"=>"text", "label"=>"Campo Modificado", "placeholder"=>"Ingresa texto modificado", "validations"=>{"required"=>false}, "metadata"=>{"translatable"=>false}}]}]}]}, "id"=>"d01dac97-a276-4b2b-a640-dcf939c9bedd"}
  [1m[36mFlow Load (2.7ms)[0m  [1m[34mSELECT "flows".* FROM "flows" WHERE "flows"."id" = $1 LIMIT $2[0m  [["id", "d01dac97-a276-4b2b-a640-dcf939c9bedd"], ["LIMIT", 1]]
  ↳ app/controllers/flows_controller.rb:68:in `set_flow'
  [1m[36mTRANSACTION (0.3ms)[0m  [1m[35mBEGIN[0m
  ↳ app/controllers/flows_controller.rb:29:in `update'
  [1m[36mFlow Exists? (2.2ms)[0m  [1m[34mSELECT 1 AS one FROM "flows" WHERE "flows"."name" = $1 AND "flows"."id" != $2 LIMIT $3[0m  [["name", "FlujoTestMexico"], ["id", "d01dac97-a276-4b2b-a640-dcf939c9bedd"], ["LIMIT", 1]]
  ↳ app/controllers/flows_controller.rb:29:in `update'
  [1m[36mFlow Update (5.8ms)[0m  [1m[33mUPDATE "flows" SET "name" = $1, "json_schema" = $2, "city_id" = $3, "country_id" = $4, "updated_at" = $5 WHERE "flows"."id" = $6[0m  [["name", "FlujoTestMexico"], ["json_schema", "{\"sections\":[{\"id\":\"section_test_1\",\"name\":\"Sección Modificada\",\"forms\":[{\"id\":\"form_test_1\",\"name\":\"Formulario Modificado\",\"fields\":[{\"id\":\"field_test_1\",\"type\":\"text\",\"label\":\"Campo Modificado\",\"placeholder\":\"Ingresa texto modificado\",\"validations\":{\"required\":false},\"metadata\":{\"translatable\":false}}]}]}]}"], ["city_id", 3], ["country_id", 2], ["updated_at", "2025-08-17 06:21:52.447608"], ["id", "d01dac97-a276-4b2b-a640-dcf939c9bedd"]]
  ↳ app/controllers/flows_controller.rb:29:in `update'
  [1m[36mTRANSACTION (0.5ms)[0m  [1m[35mCOMMIT[0m
  ↳ app/controllers/flows_controller.rb:29:in `update'
[active_model_serializers]   [1m[36mCity Load (1.0ms)[0m  [1m[34mSELECT "cities".* FROM "cities" WHERE "cities"."id" = $1 LIMIT $2[0m  [["id", 3], ["LIMIT", 1]]
[active_model_serializers]   ↳ app/serializers/flow_serializer.rb:5:in `city'
[active_model_serializers]   [1m[36mCountry Load (0.4ms)[0m  [1m[34mSELECT "countries".* FROM "countries" WHERE "countries"."id" = $1 LIMIT $2[0m  [["id", 2], ["LIMIT", 1]]
[active_model_serializers]   ↳ app/serializers/flow_serializer.rb:11:in `city'
[active_model_serializers]   [1m[36mCACHE Country Load (0.0ms)[0m  [1m[34mSELECT "countries".* FROM "countries" WHERE "countries"."id" = $1 LIMIT $2[0m  [["id", 2], ["LIMIT", 1]]
[active_model_serializers]   ↳ app/serializers/flow_serializer.rb:18:in `country'
[active_model_serializers] Rendered FlowSerializer with ActiveModelSerializers::Adapter::Attributes (7.89ms)
Completed 200 OK in 34ms (Views: 8.0ms | ActiveRecord: 12.7ms | Allocations: 4943)


Started GET "/flows/d01dac97-a276-4b2b-a640-dcf939c9bedd" for ::1 at 2025-08-17 01:22:05 -0500
Processing by FlowsController#show as */*
  Parameters: {"id"=>"d01dac97-a276-4b2b-a640-dcf939c9bedd"}
  [1m[36mFlow Load (1.0ms)[0m  [1m[34mSELECT "flows".* FROM "flows" WHERE "flows"."id" = $1 LIMIT $2[0m  [["id", "d01dac97-a276-4b2b-a640-dcf939c9bedd"], ["LIMIT", 1]]
  ↳ app/controllers/flows_controller.rb:68:in `set_flow'
[active_model_serializers]   [1m[36mCity Load (0.6ms)[0m  [1m[34mSELECT "cities".* FROM "cities" WHERE "cities"."id" = $1 LIMIT $2[0m  [["id", 3], ["LIMIT", 1]]
[active_model_serializers]   ↳ app/serializers/flow_serializer.rb:5:in `city'
[active_model_serializers]   [1m[36mCountry Load (0.2ms)[0m  [1m[34mSELECT "countries".* FROM "countries" WHERE "countries"."id" = $1 LIMIT $2[0m  [["id", 2], ["LIMIT", 1]]
[active_model_serializers]   ↳ app/serializers/flow_serializer.rb:11:in `city'
[active_model_serializers]   [1m[36mCACHE Country Load (0.0ms)[0m  [1m[34mSELECT "countries".* FROM "countries" WHERE "countries"."id" = $1 LIMIT $2[0m  [["id", 2], ["LIMIT", 1]]
[active_model_serializers]   ↳ app/serializers/flow_serializer.rb:18:in `country'
[active_model_serializers] Rendered FlowSerializer with ActiveModelSerializers::Adapter::Attributes (7.49ms)
Completed 200 OK in 18ms (Views: 7.4ms | ActiveRecord: 1.8ms | Allocations: 2300)


Started GET "/cities" for ::1 at 2025-08-17 01:25:29 -0500
Started GET "/flows" for ::1 at 2025-08-17 01:25:29 -0500
Started GET "/countries" for ::1 at 2025-08-17 01:25:29 -0500
Processing by CitiesController#index as */*
Processing by FlowsController#index as */*
Processing by CountriesController#index as */*
  [1m[36mCity Load (2.0ms)[0m  [1m[34mSELECT "cities".* FROM "cities"[0m
  ↳ app/controllers/cities_controller.rb:5:in `index'
  [1m[36mCountry Load (1.0ms)[0m  [1m[34mSELECT "countries".* FROM "countries" WHERE "countries"."id" IN ($1, $2, $3, $4)[0m  [["id", 2], ["id", 3], ["id", 5], ["id", 6]]
  ↳ app/controllers/cities_controller.rb:5:in `index'
[active_model_serializers] Rendered ActiveModel::Serializer::CollectionSerializer with ActiveModelSerializers::Adapter::Attributes (3.91ms)
Completed 200 OK in 10ms (Views: 7.2ms | ActiveRecord: 3.0ms | Allocations: 15685)


Started GET "/cities" for ::1 at 2025-08-17 01:25:29 -0500
Processing by CitiesController#index as */*
  [1m[36mCity Load (1.7ms)[0m  [1m[34mSELECT "cities".* FROM "cities"[0m
  ↳ app/controllers/cities_controller.rb:5:in `index'
  [1m[36mCountry Load (1.0ms)[0m  [1m[34mSELECT "countries".* FROM "countries" WHERE "countries"."id" IN ($1, $2, $3, $4)[0m  [["id", 2], ["id", 3], ["id", 5], ["id", 6]]
  ↳ app/controllers/cities_controller.rb:5:in `index'
[active_model_serializers] Rendered ActiveModel::Serializer::CollectionSerializer with ActiveModelSerializers::Adapter::Attributes (3.83ms)
Completed 200 OK in 10ms (Views: 7.1ms | ActiveRecord: 2.7ms | Allocations: 12688)


  [1m[36mFlow Load (42.2ms)[0m  [1m[34mSELECT "flows".* FROM "flows"[0m
  ↳ app/controllers/flows_controller.rb:8:in `index'
  [1m[36mCountry Load (44.2ms)[0m  [1m[34mSELECT "countries".* FROM "countries"[0m
  ↳ app/controllers/countries_controller.rb:5:in `index'
[active_model_serializers] Rendered ActiveModel::Serializer::CollectionSerializer with ActiveModelSerializers::Adapter::Attributes (0.5ms)
Completed 200 OK in 47ms (Views: -20.7ms | ActiveRecord: 67.4ms | Allocations: 34215)


Started GET "/countries" for ::1 at 2025-08-17 01:25:29 -0500
[active_model_serializers]   [1m[36mCity Load (0.9ms)[0m  [1m[34mSELECT "cities".* FROM "cities" WHERE "cities"."id" = $1 LIMIT $2[0m  [["id", 32], ["LIMIT", 1]]
[active_model_serializers]   ↳ app/serializers/flow_serializer.rb:5:in `city'
Processing by CountriesController#index as */*
  [1m[36mCountry Load (0.8ms)[0m  [1m[34mSELECT "countries".* FROM "countries"[0m
[active_model_serializers]   [1m[36mCountry Load (0.8ms)[0m  [1m[34mSELECT "countries".* FROM "countries" WHERE "countries"."id" = $1 LIMIT $2[0m  [["id", 6], ["LIMIT", 1]]
  ↳ app/controllers/countries_controller.rb:5:in `index'
[active_model_serializers]   ↳ app/serializers/flow_serializer.rb:11:in `city'
[active_model_serializers] Rendered ActiveModel::Serializer::CollectionSerializer with ActiveModelSerializers::Adapter::Attributes (0.48ms)
[active_model_serializers]   [1m[36mCACHE Country Load (0.0ms)[0m  [1m[34mSELECT "countries".* FROM "countries" WHERE "countries"."id" = $1 LIMIT $2[0m  [["id", 6], ["LIMIT", 1]]
Completed 200 OK in 4ms (Views: 2.8ms | ActiveRecord: 0.7ms | Allocations: 2681)


[active_model_serializers]   ↳ app/serializers/flow_serializer.rb:18:in `country'
[active_model_serializers]   [1m[36mCity Load (0.4ms)[0m  [1m[34mSELECT "cities".* FROM "cities" WHERE "cities"."id" = $1 LIMIT $2[0m  [["id", 3], ["LIMIT", 1]]
[active_model_serializers]   ↳ app/serializers/flow_serializer.rb:5:in `city'
[active_model_serializers]   [1m[36mCountry Load (0.2ms)[0m  [1m[34mSELECT "countries".* FROM "countries" WHERE "countries"."id" = $1 LIMIT $2[0m  [["id", 2], ["LIMIT", 1]]
[active_model_serializers]   ↳ app/serializers/flow_serializer.rb:11:in `city'
[active_model_serializers]   [1m[36mCACHE Country Load (0.0ms)[0m  [1m[34mSELECT "countries".* FROM "countries" WHERE "countries"."id" = $1 LIMIT $2[0m  [["id", 2], ["LIMIT", 1]]
[active_model_serializers]   ↳ app/serializers/flow_serializer.rb:18:in `country'
[active_model_serializers] Rendered ActiveModel::Serializer::CollectionSerializer with ActiveModelSerializers::Adapter::Attributes (12.36ms)
Completed 200 OK in 56ms (Views: -14.8ms | ActiveRecord: 70.3ms | Allocations: 41331)


Started GET "/flows" for ::1 at 2025-08-17 01:25:29 -0500
Processing by FlowsController#index as */*
  [1m[36mFlow Load (0.4ms)[0m  [1m[34mSELECT "flows".* FROM "flows"[0m
  ↳ app/controllers/flows_controller.rb:8:in `index'
[active_model_serializers]   [1m[36mCity Load (0.2ms)[0m  [1m[34mSELECT "cities".* FROM "cities" WHERE "cities"."id" = $1 LIMIT $2[0m  [["id", 32], ["LIMIT", 1]]
[active_model_serializers]   ↳ app/serializers/flow_serializer.rb:5:in `city'
[active_model_serializers]   [1m[36mCountry Load (0.1ms)[0m  [1m[34mSELECT "countries".* FROM "countries" WHERE "countries"."id" = $1 LIMIT $2[0m  [["id", 6], ["LIMIT", 1]]
[active_model_serializers]   ↳ app/serializers/flow_serializer.rb:11:in `city'
[active_model_serializers]   [1m[36mCACHE Country Load (0.0ms)[0m  [1m[34mSELECT "countries".* FROM "countries" WHERE "countries"."id" = $1 LIMIT $2[0m  [["id", 6], ["LIMIT", 1]]
[active_model_serializers]   ↳ app/serializers/flow_serializer.rb:18:in `country'
[active_model_serializers]   [1m[36mCity Load (0.7ms)[0m  [1m[34mSELECT "cities".* FROM "cities" WHERE "cities"."id" = $1 LIMIT $2[0m  [["id", 3], ["LIMIT", 1]]
[active_model_serializers]   ↳ app/serializers/flow_serializer.rb:5:in `city'
[active_model_serializers]   [1m[36mCountry Load (0.2ms)[0m  [1m[34mSELECT "countries".* FROM "countries" WHERE "countries"."id" = $1 LIMIT $2[0m  [["id", 2], ["LIMIT", 1]]
[active_model_serializers]   ↳ app/serializers/flow_serializer.rb:11:in `city'
[active_model_serializers]   [1m[36mCACHE Country Load (0.0ms)[0m  [1m[34mSELECT "countries".* FROM "countries" WHERE "countries"."id" = $1 LIMIT $2[0m  [["id", 2], ["LIMIT", 1]]
[active_model_serializers]   ↳ app/serializers/flow_serializer.rb:18:in `country'
[active_model_serializers] Rendered ActiveModel::Serializer::CollectionSerializer with ActiveModelSerializers::Adapter::Attributes (3.79ms)
Completed 200 OK in 5ms (Views: 3.5ms | ActiveRecord: 1.6ms | Allocations: 4213)


Started GET "/flows" for ::1 at 2025-08-17 01:28:44 -0500
Processing by FlowsController#index as */*
  [1m[36mFlow Load (2.4ms)[0m  [1m[34mSELECT "flows".* FROM "flows"[0m
  ↳ app/controllers/flows_controller.rb:8:in `index'
[active_model_serializers]   [1m[36mCity Load (0.4ms)[0m  [1m[34mSELECT "cities".* FROM "cities" WHERE "cities"."id" = $1 LIMIT $2[0m  [["id", 32], ["LIMIT", 1]]
[active_model_serializers]   ↳ app/serializers/flow_serializer.rb:5:in `city'
[active_model_serializers]   [1m[36mCountry Load (0.2ms)[0m  [1m[34mSELECT "countries".* FROM "countries" WHERE "countries"."id" = $1 LIMIT $2[0m  [["id", 6], ["LIMIT", 1]]
[active_model_serializers]   ↳ app/serializers/flow_serializer.rb:11:in `city'
[active_model_serializers]   [1m[36mCACHE Country Load (0.0ms)[0m  [1m[34mSELECT "countries".* FROM "countries" WHERE "countries"."id" = $1 LIMIT $2[0m  [["id", 6], ["LIMIT", 1]]
[active_model_serializers]   ↳ app/serializers/flow_serializer.rb:18:in `country'
[active_model_serializers]   [1m[36mCity Load (0.6ms)[0m  [1m[34mSELECT "cities".* FROM "cities" WHERE "cities"."id" = $1 LIMIT $2[0m  [["id", 3], ["LIMIT", 1]]
[active_model_serializers]   ↳ app/serializers/flow_serializer.rb:5:in `city'
[active_model_serializers]   [1m[36mCountry Load (0.7ms)[0m  [1m[34mSELECT "countries".* FROM "countries" WHERE "countries"."id" = $1 LIMIT $2[0m  [["id", 2], ["LIMIT", 1]]
[active_model_serializers]   ↳ app/serializers/flow_serializer.rb:11:in `city'
[active_model_serializers]   [1m[36mCACHE Country Load (0.0ms)[0m  [1m[34mSELECT "countries".* FROM "countries" WHERE "countries"."id" = $1 LIMIT $2[0m  [["id", 2], ["LIMIT", 1]]
[active_model_serializers]   ↳ app/serializers/flow_serializer.rb:18:in `country'
[active_model_serializers] Rendered ActiveModel::Serializer::CollectionSerializer with ActiveModelSerializers::Adapter::Attributes (12.25ms)
Completed 200 OK in 17ms (Views: 13.2ms | ActiveRecord: 3.7ms | Allocations: 4214)


Started GET "/flows" for ::1 at 2025-08-17 01:28:51 -0500
Processing by FlowsController#index as */*
  [1m[36mFlow Load (2.9ms)[0m  [1m[34mSELECT "flows".* FROM "flows"[0m
  ↳ app/controllers/flows_controller.rb:8:in `index'
[active_model_serializers]   [1m[36mCity Load (4.5ms)[0m  [1m[34mSELECT "cities".* FROM "cities" WHERE "cities"."id" = $1 LIMIT $2[0m  [["id", 32], ["LIMIT", 1]]
[active_model_serializers]   ↳ app/serializers/flow_serializer.rb:5:in `city'
[active_model_serializers]   [1m[36mCountry Load (0.3ms)[0m  [1m[34mSELECT "countries".* FROM "countries" WHERE "countries"."id" = $1 LIMIT $2[0m  [["id", 6], ["LIMIT", 1]]
[active_model_serializers]   ↳ app/serializers/flow_serializer.rb:11:in `city'
[active_model_serializers]   [1m[36mCACHE Country Load (0.0ms)[0m  [1m[34mSELECT "countries".* FROM "countries" WHERE "countries"."id" = $1 LIMIT $2[0m  [["id", 6], ["LIMIT", 1]]
[active_model_serializers]   ↳ app/serializers/flow_serializer.rb:18:in `country'
[active_model_serializers]   [1m[36mCity Load (4.2ms)[0m  [1m[34mSELECT "cities".* FROM "cities" WHERE "cities"."id" = $1 LIMIT $2[0m  [["id", 3], ["LIMIT", 1]]
[active_model_serializers]   ↳ app/serializers/flow_serializer.rb:5:in `city'
[active_model_serializers]   [1m[36mCountry Load (0.7ms)[0m  [1m[34mSELECT "countries".* FROM "countries" WHERE "countries"."id" = $1 LIMIT $2[0m  [["id", 2], ["LIMIT", 1]]
[active_model_serializers]   ↳ app/serializers/flow_serializer.rb:11:in `city'
[active_model_serializers]   [1m[36mCACHE Country Load (0.0ms)[0m  [1m[34mSELECT "countries".* FROM "countries" WHERE "countries"."id" = $1 LIMIT $2[0m  [["id", 2], ["LIMIT", 1]]
[active_model_serializers]   ↳ app/serializers/flow_serializer.rb:18:in `country'
[active_model_serializers] Rendered ActiveModel::Serializer::CollectionSerializer with ActiveModelSerializers::Adapter::Attributes (21.22ms)
Completed 200 OK in 27ms (Views: 14.6ms | ActiveRecord: 12.5ms | Allocations: 4213)


Started GET "/countries" for ::1 at 2025-08-17 01:29:03 -0500
Started GET "/cities" for ::1 at 2025-08-17 01:29:03 -0500
Started GET "/flows" for ::1 at 2025-08-17 01:29:03 -0500
Processing by CountriesController#index as */*
Processing by CitiesController#index as */*
Processing by FlowsController#index as */*
  [1m[36mCountry Load (3.0ms)[0m  [1m[34mSELECT "countries".* FROM "countries"[0m
  ↳ app/controllers/countries_controller.rb:5:in `index'
  [1m[36mFlow Load (0.9ms)[0m  [1m[34mSELECT "flows".* FROM "flows"[0m
[active_model_serializers] Rendered ActiveModel::Serializer::CollectionSerializer with ActiveModelSerializers::Adapter::Attributes (0.52ms)
  ↳ app/controllers/flows_controller.rb:8:in `index'
  [1m[36mCity Load (2.8ms)[0m  [1m[34mSELECT "cities".* FROM "cities"[0m
Completed 200 OK in 6ms (Views: 3.0ms | ActiveRecord: 3.0ms | Allocations: 3176)


  ↳ app/controllers/cities_controller.rb:5:in `index'
[active_model_serializers]   [1m[36mCity Load (1.9ms)[0m  [1m[34mSELECT "cities".* FROM "cities" WHERE "cities"."id" = $1 LIMIT $2[0m  [["id", 32], ["LIMIT", 1]]
Started GET "/countries" for ::1 at 2025-08-17 01:29:03 -0500
[active_model_serializers]   ↳ app/serializers/flow_serializer.rb:5:in `city'
  [1m[36mCountry Load (1.0ms)[0m  [1m[34mSELECT "countries".* FROM "countries" WHERE "countries"."id" IN ($1, $2, $3, $4)[0m  [["id", 2], ["id", 3], ["id", 5], ["id", 6]]
  ↳ app/controllers/cities_controller.rb:5:in `index'
Processing by CountriesController#index as */*
[active_model_serializers] Rendered ActiveModel::Serializer::CollectionSerializer with ActiveModelSerializers::Adapter::Attributes (4.55ms)
[active_model_serializers]   [1m[36mCountry Load (6.6ms)[0m  [1m[34mSELECT "countries".* FROM "countries" WHERE "countries"."id" = $1 LIMIT $2[0m  [["id", 6], ["LIMIT", 1]]
Completed 200 OK in 14ms (Views: 9.9ms | ActiveRecord: 3.8ms | Allocations: 17032)


[active_model_serializers]   ↳ app/serializers/flow_serializer.rb:11:in `city'
[active_model_serializers]   [1m[36mCACHE Country Load (0.0ms)[0m  [1m[34mSELECT "countries".* FROM "countries" WHERE "countries"."id" = $1 LIMIT $2[0m  [["id", 6], ["LIMIT", 1]]
[active_model_serializers]   ↳ app/serializers/flow_serializer.rb:18:in `country'
  [1m[36mCountry Load (2.2ms)[0m  [1m[34mSELECT "countries".* FROM "countries"[0m
  ↳ app/controllers/countries_controller.rb:5:in `index'
Started GET "/cities" for ::1 at 2025-08-17 01:29:03 -0500
[active_model_serializers] Rendered ActiveModel::Serializer::CollectionSerializer with ActiveModelSerializers::Adapter::Attributes (0.48ms)
[active_model_serializers]   [1m[36mCity Load (1.5ms)[0m  [1m[34mSELECT "cities".* FROM "cities" WHERE "cities"."id" = $1 LIMIT $2[0m  [["id", 3], ["LIMIT", 1]]
Completed 200 OK in 4ms (Views: 1.8ms | ActiveRecord: 2.2ms | Allocations: 3769)


[active_model_serializers]   ↳ app/serializers/flow_serializer.rb:5:in `city'
Processing by CitiesController#index as */*
[active_model_serializers]   [1m[36mCountry Load (0.4ms)[0m  [1m[34mSELECT "countries".* FROM "countries" WHERE "countries"."id" = $1 LIMIT $2[0m  [["id", 2], ["LIMIT", 1]]
[active_model_serializers]   ↳ app/serializers/flow_serializer.rb:11:in `city'
[active_model_serializers]   [1m[36mCACHE Country Load (0.0ms)[0m  [1m[34mSELECT "countries".* FROM "countries" WHERE "countries"."id" = $1 LIMIT $2[0m  [["id", 2], ["LIMIT", 1]]
[active_model_serializers]   ↳ app/serializers/flow_serializer.rb:18:in `country'
[active_model_serializers] Rendered ActiveModel::Serializer::CollectionSerializer with ActiveModelSerializers::Adapter::Attributes (16.17ms)
Completed 200 OK in 19ms (Views: 7.9ms | ActiveRecord: 11.2ms | Allocations: 22423)


  [1m[36mCity Load (1.1ms)[0m  [1m[34mSELECT "cities".* FROM "cities"[0m
  ↳ app/controllers/cities_controller.rb:5:in `index'
Started GET "/flows" for ::1 at 2025-08-17 01:29:03 -0500
Processing by FlowsController#index as */*
  [1m[36mCountry Load (0.8ms)[0m  [1m[34mSELECT "countries".* FROM "countries" WHERE "countries"."id" IN ($1, $2, $3, $4)[0m  [["id", 2], ["id", 3], ["id", 5], ["id", 6]]
  ↳ app/controllers/cities_controller.rb:5:in `index'
[active_model_serializers] Rendered ActiveModel::Serializer::CollectionSerializer with ActiveModelSerializers::Adapter::Attributes (4.22ms)
  [1m[36mFlow Load (5.1ms)[0m  [1m[34mSELECT "flows".* FROM "flows"[0m
Completed 200 OK in 9ms (Views: 6.8ms | ActiveRecord: 1.8ms | Allocations: 14520)


  ↳ app/controllers/flows_controller.rb:8:in `index'
[active_model_serializers]   [1m[36mCity Load (0.3ms)[0m  [1m[34mSELECT "cities".* FROM "cities" WHERE "cities"."id" = $1 LIMIT $2[0m  [["id", 32], ["LIMIT", 1]]
[active_model_serializers]   ↳ app/serializers/flow_serializer.rb:5:in `city'
[active_model_serializers]   [1m[36mCountry Load (0.2ms)[0m  [1m[34mSELECT "countries".* FROM "countries" WHERE "countries"."id" = $1 LIMIT $2[0m  [["id", 6], ["LIMIT", 1]]
[active_model_serializers]   ↳ app/serializers/flow_serializer.rb:11:in `city'
[active_model_serializers]   [1m[36mCACHE Country Load (0.0ms)[0m  [1m[34mSELECT "countries".* FROM "countries" WHERE "countries"."id" = $1 LIMIT $2[0m  [["id", 6], ["LIMIT", 1]]
[active_model_serializers]   ↳ app/serializers/flow_serializer.rb:18:in `country'
[active_model_serializers]   [1m[36mCity Load (0.2ms)[0m  [1m[34mSELECT "cities".* FROM "cities" WHERE "cities"."id" = $1 LIMIT $2[0m  [["id", 3], ["LIMIT", 1]]
[active_model_serializers]   ↳ app/serializers/flow_serializer.rb:5:in `city'
[active_model_serializers]   [1m[36mCountry Load (0.2ms)[0m  [1m[34mSELECT "countries".* FROM "countries" WHERE "countries"."id" = $1 LIMIT $2[0m  [["id", 2], ["LIMIT", 1]]
[active_model_serializers]   ↳ app/serializers/flow_serializer.rb:11:in `city'
[active_model_serializers]   [1m[36mCACHE Country Load (0.0ms)[0m  [1m[34mSELECT "countries".* FROM "countries" WHERE "countries"."id" = $1 LIMIT $2[0m  [["id", 2], ["LIMIT", 1]]
[active_model_serializers]   ↳ app/serializers/flow_serializer.rb:18:in `country'
[active_model_serializers] Rendered ActiveModel::Serializer::CollectionSerializer with ActiveModelSerializers::Adapter::Attributes (3.86ms)
Completed 200 OK in 10ms (Views: 4.1ms | ActiveRecord: 6.0ms | Allocations: 15441)


Started PUT "/flows/15dc0134-a2e6-4813-b855-dbc72333059b" for ::1 at 2025-08-17 01:30:38 -0500
Processing by FlowsController#update as */*
  Parameters: {"flow"=>{"name"=>"ProffesionalRegistration", "city_id"=>32, "country_id"=>6, "sections"=>[{"id"=>"section_1755411347109", "name"=>"New Section", "forms"=>[{"id"=>"form_1755411350835", "name"=>"New Form", "fields"=>[{"id"=>"field_1755411355559", "type"=>"text", "label"=>"New Text", "placeholder"=>"Your name here!", "validations"=>{"required"=>true}, "metadata"=>{"translatable"=>true}}]}]}]}, "id"=>"15dc0134-a2e6-4813-b855-dbc72333059b"}
  [1m[36mFlow Load (0.5ms)[0m  [1m[34mSELECT "flows".* FROM "flows" WHERE "flows"."id" = $1 LIMIT $2[0m  [["id", "15dc0134-a2e6-4813-b855-dbc72333059b"], ["LIMIT", 1]]
  ↳ app/controllers/flows_controller.rb:68:in `set_flow'
  [1m[36mTRANSACTION (0.5ms)[0m  [1m[35mBEGIN[0m
  ↳ app/controllers/flows_controller.rb:29:in `update'
  [1m[36mFlow Update (1.3ms)[0m  [1m[33mUPDATE "flows" SET "json_schema" = $1, "updated_at" = $2 WHERE "flows"."id" = $3[0m  [["json_schema", "{\"sections\":[{\"id\":\"section_1755411347109\",\"name\":\"New Section\",\"forms\":[{\"id\":\"form_1755411350835\",\"name\":\"New Form\",\"fields\":[{\"id\":\"field_1755411355559\",\"type\":\"text\",\"label\":\"New Text\",\"placeholder\":\"Your name here!\",\"validations\":{\"required\":true},\"metadata\":{\"translatable\":true}}]}]}]}"], ["updated_at", "2025-08-17 06:30:38.211695"], ["id", "15dc0134-a2e6-4813-b855-dbc72333059b"]]
  ↳ app/controllers/flows_controller.rb:29:in `update'
  [1m[36mTRANSACTION (1.3ms)[0m  [1m[35mCOMMIT[0m
  ↳ app/controllers/flows_controller.rb:29:in `update'
[active_model_serializers]   [1m[36mCity Load (0.3ms)[0m  [1m[34mSELECT "cities".* FROM "cities" WHERE "cities"."id" = $1 LIMIT $2[0m  [["id", 32], ["LIMIT", 1]]
[active_model_serializers]   ↳ app/serializers/flow_serializer.rb:5:in `city'
[active_model_serializers]   [1m[36mCountry Load (0.3ms)[0m  [1m[34mSELECT "countries".* FROM "countries" WHERE "countries"."id" = $1 LIMIT $2[0m  [["id", 6], ["LIMIT", 1]]
[active_model_serializers]   ↳ app/serializers/flow_serializer.rb:11:in `city'
[active_model_serializers]   [1m[36mCACHE Country Load (0.0ms)[0m  [1m[34mSELECT "countries".* FROM "countries" WHERE "countries"."id" = $1 LIMIT $2[0m  [["id", 6], ["LIMIT", 1]]
[active_model_serializers]   ↳ app/serializers/flow_serializer.rb:18:in `country'
[active_model_serializers] Rendered FlowSerializer with ActiveModelSerializers::Adapter::Attributes (3.6ms)
Completed 200 OK in 20ms (Views: 3.7ms | ActiveRecord: 11.5ms | Allocations: 4486)


Started GET "/flows" for ::1 at 2025-08-17 01:30:38 -0500
Processing by FlowsController#index as */*
  [1m[36mFlow Load (1.1ms)[0m  [1m[34mSELECT "flows".* FROM "flows"[0m
  ↳ app/controllers/flows_controller.rb:8:in `index'
[active_model_serializers]   [1m[36mCity Load (0.2ms)[0m  [1m[34mSELECT "cities".* FROM "cities" WHERE "cities"."id" = $1 LIMIT $2[0m  [["id", 3], ["LIMIT", 1]]
[active_model_serializers]   ↳ app/serializers/flow_serializer.rb:5:in `city'
[active_model_serializers]   [1m[36mCountry Load (0.6ms)[0m  [1m[34mSELECT "countries".* FROM "countries" WHERE "countries"."id" = $1 LIMIT $2[0m  [["id", 2], ["LIMIT", 1]]
[active_model_serializers]   ↳ app/serializers/flow_serializer.rb:11:in `city'
[active_model_serializers]   [1m[36mCACHE Country Load (0.0ms)[0m  [1m[34mSELECT "countries".* FROM "countries" WHERE "countries"."id" = $1 LIMIT $2[0m  [["id", 2], ["LIMIT", 1]]
[active_model_serializers]   ↳ app/serializers/flow_serializer.rb:18:in `country'
[active_model_serializers]   [1m[36mCity Load (0.1ms)[0m  [1m[34mSELECT "cities".* FROM "cities" WHERE "cities"."id" = $1 LIMIT $2[0m  [["id", 32], ["LIMIT", 1]]
[active_model_serializers]   ↳ app/serializers/flow_serializer.rb:5:in `city'
[active_model_serializers]   [1m[36mCountry Load (0.1ms)[0m  [1m[34mSELECT "countries".* FROM "countries" WHERE "countries"."id" = $1 LIMIT $2[0m  [["id", 6], ["LIMIT", 1]]
[active_model_serializers]   ↳ app/serializers/flow_serializer.rb:11:in `city'
[active_model_serializers]   [1m[36mCACHE Country Load (0.0ms)[0m  [1m[34mSELECT "countries".* FROM "countries" WHERE "countries"."id" = $1 LIMIT $2[0m  [["id", 6], ["LIMIT", 1]]
[active_model_serializers]   ↳ app/serializers/flow_serializer.rb:18:in `country'
[active_model_serializers] Rendered ActiveModel::Serializer::CollectionSerializer with ActiveModelSerializers::Adapter::Attributes (6.16ms)
Completed 200 OK in 11ms (Views: 8.8ms | ActiveRecord: 2.1ms | Allocations: 4214)


Started GET "/flows/d01dac97-a276-4b2b-a640-dcf939c9bedd" for ::1 at 2025-08-17 01:33:28 -0500
Processing by FlowsController#show as */*
  Parameters: {"id"=>"d01dac97-a276-4b2b-a640-dcf939c9bedd"}
  [1m[36mFlow Load (0.4ms)[0m  [1m[34mSELECT "flows".* FROM "flows" WHERE "flows"."id" = $1 LIMIT $2[0m  [["id", "d01dac97-a276-4b2b-a640-dcf939c9bedd"], ["LIMIT", 1]]
  ↳ app/controllers/flows_controller.rb:68:in `set_flow'
[active_model_serializers]   [1m[36mCity Load (0.3ms)[0m  [1m[34mSELECT "cities".* FROM "cities" WHERE "cities"."id" = $1 LIMIT $2[0m  [["id", 3], ["LIMIT", 1]]
[active_model_serializers]   ↳ app/serializers/flow_serializer.rb:5:in `city'
[active_model_serializers]   [1m[36mCountry Load (0.2ms)[0m  [1m[34mSELECT "countries".* FROM "countries" WHERE "countries"."id" = $1 LIMIT $2[0m  [["id", 2], ["LIMIT", 1]]
[active_model_serializers]   ↳ app/serializers/flow_serializer.rb:11:in `city'
[active_model_serializers]   [1m[36mCACHE Country Load (0.0ms)[0m  [1m[34mSELECT "countries".* FROM "countries" WHERE "countries"."id" = $1 LIMIT $2[0m  [["id", 2], ["LIMIT", 1]]
[active_model_serializers]   ↳ app/serializers/flow_serializer.rb:18:in `country'
[active_model_serializers] Rendered FlowSerializer with ActiveModelSerializers::Adapter::Attributes (4.6ms)
Completed 200 OK in 8ms (Views: 4.9ms | ActiveRecord: 0.8ms | Allocations: 2301)


Started GET "/flows" for ::1 at 2025-08-17 01:34:47 -0500
Processing by FlowsController#index as */*
  [1m[36mFlow Load (1.8ms)[0m  [1m[34mSELECT "flows".* FROM "flows"[0m
  ↳ app/controllers/flows_controller.rb:8:in `index'
[active_model_serializers]   [1m[36mCity Load (0.2ms)[0m  [1m[34mSELECT "cities".* FROM "cities" WHERE "cities"."id" = $1 LIMIT $2[0m  [["id", 3], ["LIMIT", 1]]
[active_model_serializers]   ↳ app/serializers/flow_serializer.rb:5:in `city'
[active_model_serializers]   [1m[36mCountry Load (0.3ms)[0m  [1m[34mSELECT "countries".* FROM "countries" WHERE "countries"."id" = $1 LIMIT $2[0m  [["id", 2], ["LIMIT", 1]]
[active_model_serializers]   ↳ app/serializers/flow_serializer.rb:11:in `city'
[active_model_serializers]   [1m[36mCACHE Country Load (0.0ms)[0m  [1m[34mSELECT "countries".* FROM "countries" WHERE "countries"."id" = $1 LIMIT $2[0m  [["id", 2], ["LIMIT", 1]]
[active_model_serializers]   ↳ app/serializers/flow_serializer.rb:18:in `country'
[active_model_serializers]   [1m[36mCity Load (0.3ms)[0m  [1m[34mSELECT "cities".* FROM "cities" WHERE "cities"."id" = $1 LIMIT $2[0m  [["id", 32], ["LIMIT", 1]]
[active_model_serializers]   ↳ app/serializers/flow_serializer.rb:5:in `city'
[active_model_serializers]   [1m[36mCountry Load (0.1ms)[0m  [1m[34mSELECT "countries".* FROM "countries" WHERE "countries"."id" = $1 LIMIT $2[0m  [["id", 6], ["LIMIT", 1]]
[active_model_serializers]   ↳ app/serializers/flow_serializer.rb:11:in `city'
[active_model_serializers]   [1m[36mCACHE Country Load (0.0ms)[0m  [1m[34mSELECT "countries".* FROM "countries" WHERE "countries"."id" = $1 LIMIT $2[0m  [["id", 6], ["LIMIT", 1]]
[active_model_serializers]   ↳ app/serializers/flow_serializer.rb:18:in `country'
[active_model_serializers] Rendered ActiveModel::Serializer::CollectionSerializer with ActiveModelSerializers::Adapter::Attributes (12.09ms)
Completed 200 OK in 17ms (Views: 13.8ms | ActiveRecord: 2.7ms | Allocations: 4213)


Started GET "/countries" for ::1 at 2025-08-17 01:35:41 -0500
Processing by CountriesController#index as */*
  [1m[36mCountry Load (1.4ms)[0m  [1m[34mSELECT "countries".* FROM "countries"[0m
  ↳ app/controllers/countries_controller.rb:5:in `index'
[active_model_serializers] Rendered ActiveModel::Serializer::CollectionSerializer with ActiveModelSerializers::Adapter::Attributes (2.42ms)
Completed 200 OK in 9ms (Views: 7.3ms | ActiveRecord: 1.4ms | Allocations: 2071)


Started GET "/cities" for ::1 at 2025-08-17 01:36:01 -0500
Processing by CitiesController#index as */*
  [1m[36mCity Load (4.1ms)[0m  [1m[34mSELECT "cities".* FROM "cities"[0m
  ↳ app/controllers/cities_controller.rb:5:in `index'
  [1m[36mCountry Load (1.3ms)[0m  [1m[34mSELECT "countries".* FROM "countries" WHERE "countries"."id" IN ($1, $2, $3, $4)[0m  [["id", 2], ["id", 3], ["id", 5], ["id", 6]]
  ↳ app/controllers/cities_controller.rb:5:in `index'
[active_model_serializers] Rendered ActiveModel::Serializer::CollectionSerializer with ActiveModelSerializers::Adapter::Attributes (13.25ms)
Completed 200 OK in 28ms (Views: 22.6ms | ActiveRecord: 5.4ms | Allocations: 12574)


Started GET "/countries" for ::1 at 2025-08-17 01:36:26 -0500
Started GET "/cities" for ::1 at 2025-08-17 01:36:26 -0500
Started GET "/flows" for ::1 at 2025-08-17 01:36:26 -0500
Processing by CountriesController#index as */*
Processing by CitiesController#index as */*
Processing by FlowsController#index as */*
  [1m[36mCountry Load (4.4ms)[0m  [1m[34mSELECT "countries".* FROM "countries"[0m
  ↳ app/controllers/countries_controller.rb:5:in `index'
[active_model_serializers] Rendered ActiveModel::Serializer::CollectionSerializer with ActiveModelSerializers::Adapter::Attributes (0.5ms)
Completed 200 OK in 7ms (Views: 2.0ms | ActiveRecord: 4.3ms | Allocations: 5175)


Started GET "/countries" for ::1 at 2025-08-17 01:36:26 -0500
Processing by CountriesController#index as */*
  [1m[36mCountry Load (0.5ms)[0m  [1m[34mSELECT "countries".* FROM "countries"[0m
  ↳ app/controllers/countries_controller.rb:5:in `index'
[active_model_serializers] Rendered ActiveModel::Serializer::CollectionSerializer with ActiveModelSerializers::Adapter::Attributes (0.64ms)
Completed 200 OK in 2ms (Views: 1.8ms | ActiveRecord: 0.5ms | Allocations: 2264)


  [1m[36mCity Load (19.6ms)[0m  [1m[34mSELECT "cities".* FROM "cities"[0m
  ↳ app/controllers/cities_controller.rb:5:in `index'
  [1m[36mFlow Load (20.0ms)[0m  [1m[34mSELECT "flows".* FROM "flows"[0m
  ↳ app/controllers/flows_controller.rb:8:in `index'
  [1m[36mCountry Load (0.9ms)[0m  [1m[34mSELECT "countries".* FROM "countries" WHERE "countries"."id" IN ($1, $2, $3, $4)[0m  [["id", 2], ["id", 3], ["id", 5], ["id", 6]]
  ↳ app/controllers/cities_controller.rb:5:in `index'
[active_model_serializers] Rendered ActiveModel::Serializer::CollectionSerializer with ActiveModelSerializers::Adapter::Attributes (4.63ms)
Completed 200 OK in 29ms (Views: -3.6ms | ActiveRecord: 32.2ms | Allocations: 24630)


Started GET "/cities" for ::1 at 2025-08-17 01:36:26 -0500
[active_model_serializers]   [1m[36mCity Load (0.8ms)[0m  [1m[34mSELECT "cities".* FROM "cities" WHERE "cities"."id" = $1 LIMIT $2[0m  [["id", 3], ["LIMIT", 1]]
[active_model_serializers]   ↳ app/serializers/flow_serializer.rb:5:in `city'
Processing by CitiesController#index as */*
  [1m[36mCity Load (0.5ms)[0m  [1m[34mSELECT "cities".* FROM "cities"[0m
  ↳ app/controllers/cities_controller.rb:5:in `index'
[active_model_serializers]   [1m[36mCountry Load (1.6ms)[0m  [1m[34mSELECT "countries".* FROM "countries" WHERE "countries"."id" = $1 LIMIT $2[0m  [["id", 2], ["LIMIT", 1]]
[active_model_serializers]   ↳ app/serializers/flow_serializer.rb:11:in `city'
[active_model_serializers]   [1m[36mCACHE Country Load (0.0ms)[0m  [1m[34mSELECT "countries".* FROM "countries" WHERE "countries"."id" = $1 LIMIT $2[0m  [["id", 2], ["LIMIT", 1]]
  [1m[36mCountry Load (0.5ms)[0m  [1m[34mSELECT "countries".* FROM "countries" WHERE "countries"."id" IN ($1, $2, $3, $4)[0m  [["id", 2], ["id", 3], ["id", 5], ["id", 6]]
[active_model_serializers]   ↳ app/serializers/flow_serializer.rb:18:in `country'
  ↳ app/controllers/cities_controller.rb:5:in `index'
[active_model_serializers] Rendered ActiveModel::Serializer::CollectionSerializer with ActiveModelSerializers::Adapter::Attributes (7.39ms)
Completed 200 OK in 11ms (Views: 10.1ms | ActiveRecord: 1.1ms | Allocations: 13660)


[active_model_serializers]   [1m[36mCity Load (8.1ms)[0m  [1m[34mSELECT "cities".* FROM "cities" WHERE "cities"."id" = $1 LIMIT $2[0m  [["id", 32], ["LIMIT", 1]]
[active_model_serializers]   ↳ app/serializers/flow_serializer.rb:5:in `city'
[active_model_serializers]   [1m[36mCountry Load (0.2ms)[0m  [1m[34mSELECT "countries".* FROM "countries" WHERE "countries"."id" = $1 LIMIT $2[0m  [["id", 6], ["LIMIT", 1]]
[active_model_serializers]   ↳ app/serializers/flow_serializer.rb:11:in `city'
[active_model_serializers]   [1m[36mCACHE Country Load (0.0ms)[0m  [1m[34mSELECT "countries".* FROM "countries" WHERE "countries"."id" = $1 LIMIT $2[0m  [["id", 6], ["LIMIT", 1]]
[active_model_serializers]   ↳ app/serializers/flow_serializer.rb:18:in `country'
[active_model_serializers] Rendered ActiveModel::Serializer::CollectionSerializer with ActiveModelSerializers::Adapter::Attributes (21.9ms)
Completed 200 OK in 43ms (Views: -5.5ms | ActiveRecord: 48.4ms | Allocations: 40423)


Started GET "/flows" for ::1 at 2025-08-17 01:36:26 -0500
Processing by FlowsController#index as */*
  [1m[36mFlow Load (0.4ms)[0m  [1m[34mSELECT "flows".* FROM "flows"[0m
  ↳ app/controllers/flows_controller.rb:8:in `index'
[active_model_serializers]   [1m[36mCity Load (0.3ms)[0m  [1m[34mSELECT "cities".* FROM "cities" WHERE "cities"."id" = $1 LIMIT $2[0m  [["id", 3], ["LIMIT", 1]]
[active_model_serializers]   ↳ app/serializers/flow_serializer.rb:5:in `city'
[active_model_serializers]   [1m[36mCountry Load (0.2ms)[0m  [1m[34mSELECT "countries".* FROM "countries" WHERE "countries"."id" = $1 LIMIT $2[0m  [["id", 2], ["LIMIT", 1]]
[active_model_serializers]   ↳ app/serializers/flow_serializer.rb:11:in `city'
[active_model_serializers]   [1m[36mCACHE Country Load (0.0ms)[0m  [1m[34mSELECT "countries".* FROM "countries" WHERE "countries"."id" = $1 LIMIT $2[0m  [["id", 2], ["LIMIT", 1]]
[active_model_serializers]   ↳ app/serializers/flow_serializer.rb:18:in `country'
[active_model_serializers]   [1m[36mCity Load (0.2ms)[0m  [1m[34mSELECT "cities".* FROM "cities" WHERE "cities"."id" = $1 LIMIT $2[0m  [["id", 32], ["LIMIT", 1]]
[active_model_serializers]   ↳ app/serializers/flow_serializer.rb:5:in `city'
[active_model_serializers]   [1m[36mCountry Load (0.2ms)[0m  [1m[34mSELECT "countries".* FROM "countries" WHERE "countries"."id" = $1 LIMIT $2[0m  [["id", 6], ["LIMIT", 1]]
[active_model_serializers]   ↳ app/serializers/flow_serializer.rb:11:in `city'
[active_model_serializers]   [1m[36mCACHE Country Load (0.0ms)[0m  [1m[34mSELECT "countries".* FROM "countries" WHERE "countries"."id" = $1 LIMIT $2[0m  [["id", 6], ["LIMIT", 1]]
[active_model_serializers]   ↳ app/serializers/flow_serializer.rb:18:in `country'
[active_model_serializers] Rendered ActiveModel::Serializer::CollectionSerializer with ActiveModelSerializers::Adapter::Attributes (5.97ms)
Completed 200 OK in 7ms (Views: 5.9ms | ActiveRecord: 1.3ms | Allocations: 4214)


Started PUT "/flows/d01dac97-a276-4b2b-a640-dcf939c9bedd" for ::1 at 2025-08-17 01:36:55 -0500
Processing by FlowsController#update as */*
  Parameters: {"flow"=>{"name"=>"FlujoTestMexico", "city_id"=>12, "country_id"=>3, "sections"=>[{"id"=>"section_test_1", "name"=>"Sección Modificada", "forms"=>[{"id"=>"form_test_1", "name"=>"Formulario Modificado", "fields"=>[{"id"=>"field_test_1", "type"=>"text", "label"=>"Campo Modificado", "placeholder"=>"Ingresa texto modificado", "validations"=>{"required"=>false}, "metadata"=>{"translatable"=>false}}]}]}]}, "id"=>"d01dac97-a276-4b2b-a640-dcf939c9bedd"}
  [1m[36mFlow Load (0.4ms)[0m  [1m[34mSELECT "flows".* FROM "flows" WHERE "flows"."id" = $1 LIMIT $2[0m  [["id", "d01dac97-a276-4b2b-a640-dcf939c9bedd"], ["LIMIT", 1]]
  ↳ app/controllers/flows_controller.rb:68:in `set_flow'
  [1m[36mTRANSACTION (0.2ms)[0m  [1m[35mBEGIN[0m
  ↳ app/controllers/flows_controller.rb:29:in `update'
  [1m[36mFlow Update (4.1ms)[0m  [1m[33mUPDATE "flows" SET "city_id" = $1, "country_id" = $2, "updated_at" = $3 WHERE "flows"."id" = $4[0m  [["city_id", 12], ["country_id", 3], ["updated_at", "2025-08-17 06:36:55.514279"], ["id", "d01dac97-a276-4b2b-a640-dcf939c9bedd"]]
  ↳ app/controllers/flows_controller.rb:29:in `update'
  [1m[36mTRANSACTION (1.4ms)[0m  [1m[35mCOMMIT[0m
  ↳ app/controllers/flows_controller.rb:29:in `update'
[active_model_serializers]   [1m[36mCity Load (3.9ms)[0m  [1m[34mSELECT "cities".* FROM "cities" WHERE "cities"."id" = $1 LIMIT $2[0m  [["id", 12], ["LIMIT", 1]]
[active_model_serializers]   ↳ app/serializers/flow_serializer.rb:5:in `city'
[active_model_serializers]   [1m[36mCountry Load (0.5ms)[0m  [1m[34mSELECT "countries".* FROM "countries" WHERE "countries"."id" = $1 LIMIT $2[0m  [["id", 3], ["LIMIT", 1]]
[active_model_serializers]   ↳ app/serializers/flow_serializer.rb:11:in `city'
[active_model_serializers]   [1m[36mCACHE Country Load (0.0ms)[0m  [1m[34mSELECT "countries".* FROM "countries" WHERE "countries"."id" = $1 LIMIT $2[0m  [["id", 3], ["LIMIT", 1]]
[active_model_serializers]   ↳ app/serializers/flow_serializer.rb:18:in `country'
[active_model_serializers] Rendered FlowSerializer with ActiveModelSerializers::Adapter::Attributes (8.96ms)
Completed 200 OK in 24ms (Views: 6.7ms | ActiveRecord: 10.4ms | Allocations: 4225)


Started GET "/flows" for ::1 at 2025-08-17 01:36:55 -0500
Processing by FlowsController#index as */*
  [1m[36mFlow Load (0.7ms)[0m  [1m[34mSELECT "flows".* FROM "flows"[0m
  ↳ app/controllers/flows_controller.rb:8:in `index'
[active_model_serializers]   [1m[36mCity Load (0.4ms)[0m  [1m[34mSELECT "cities".* FROM "cities" WHERE "cities"."id" = $1 LIMIT $2[0m  [["id", 32], ["LIMIT", 1]]
[active_model_serializers]   ↳ app/serializers/flow_serializer.rb:5:in `city'
[active_model_serializers]   [1m[36mCountry Load (0.4ms)[0m  [1m[34mSELECT "countries".* FROM "countries" WHERE "countries"."id" = $1 LIMIT $2[0m  [["id", 6], ["LIMIT", 1]]
[active_model_serializers]   ↳ app/serializers/flow_serializer.rb:11:in `city'
[active_model_serializers]   [1m[36mCACHE Country Load (0.0ms)[0m  [1m[34mSELECT "countries".* FROM "countries" WHERE "countries"."id" = $1 LIMIT $2[0m  [["id", 6], ["LIMIT", 1]]
[active_model_serializers]   ↳ app/serializers/flow_serializer.rb:18:in `country'
[active_model_serializers]   [1m[36mCity Load (0.2ms)[0m  [1m[34mSELECT "cities".* FROM "cities" WHERE "cities"."id" = $1 LIMIT $2[0m  [["id", 12], ["LIMIT", 1]]
[active_model_serializers]   ↳ app/serializers/flow_serializer.rb:5:in `city'
[active_model_serializers]   [1m[36mCountry Load (0.1ms)[0m  [1m[34mSELECT "countries".* FROM "countries" WHERE "countries"."id" = $1 LIMIT $2[0m  [["id", 3], ["LIMIT", 1]]
[active_model_serializers]   ↳ app/serializers/flow_serializer.rb:11:in `city'
[active_model_serializers]   [1m[36mCACHE Country Load (0.0ms)[0m  [1m[34mSELECT "countries".* FROM "countries" WHERE "countries"."id" = $1 LIMIT $2[0m  [["id", 3], ["LIMIT", 1]]
[active_model_serializers]   ↳ app/serializers/flow_serializer.rb:18:in `country'
[active_model_serializers] Rendered ActiveModel::Serializer::CollectionSerializer with ActiveModelSerializers::Adapter::Attributes (6.65ms)
Completed 200 OK in 9ms (Views: 7.1ms | ActiveRecord: 1.8ms | Allocations: 4214)


Started GET "/countries" for ::1 at 2025-08-17 01:40:58 -0500
Started GET "/cities" for ::1 at 2025-08-17 01:40:58 -0500
Started GET "/flows" for ::1 at 2025-08-17 01:40:58 -0500
Processing by CountriesController#index as */*
Processing by CitiesController#index as */*
Processing by FlowsController#index as */*
  [1m[36mCity Load (0.6ms)[0m  [1m[34mSELECT "cities".* FROM "cities"[0m
  [1m[36mCountry Load (2.1ms)[0m  [1m[34mSELECT "countries".* FROM "countries"[0m
  ↳ app/controllers/cities_controller.rb:5:in `index'
  ↳ app/controllers/countries_controller.rb:5:in `index'
  [1m[36mFlow Load (1.1ms)[0m  [1m[34mSELECT "flows".* FROM "flows"[0m
[active_model_serializers] Rendered ActiveModel::Serializer::CollectionSerializer with ActiveModelSerializers::Adapter::Attributes (0.8ms)
  ↳ app/controllers/flows_controller.rb:8:in `index'
  [1m[36mCountry Load (1.9ms)[0m  [1m[34mSELECT "countries".* FROM "countries" WHERE "countries"."id" IN ($1, $2, $3, $4)[0m  [["id", 2], ["id", 3], ["id", 5], ["id", 6]]
Completed 200 OK in 6ms (Views: 4.0ms | ActiveRecord: 2.1ms | Allocations: 4614)


  ↳ app/controllers/cities_controller.rb:5:in `index'
[active_model_serializers]   [1m[36mCity Load (0.8ms)[0m  [1m[34mSELECT "cities".* FROM "cities" WHERE "cities"."id" = $1 LIMIT $2[0m  [["id", 32], ["LIMIT", 1]]
[active_model_serializers] Rendered ActiveModel::Serializer::CollectionSerializer with ActiveModelSerializers::Adapter::Attributes (5.64ms)
[active_model_serializers]   ↳ app/serializers/flow_serializer.rb:5:in `city'
Completed 200 OK in 13ms (Views: 10.4ms | ActiveRecord: 2.5ms | Allocations: 16097)


[active_model_serializers]   [1m[36mCountry Load (0.4ms)[0m  [1m[34mSELECT "countries".* FROM "countries" WHERE "countries"."id" = $1 LIMIT $2[0m  [["id", 6], ["LIMIT", 1]]
[active_model_serializers]   ↳ app/serializers/flow_serializer.rb:11:in `city'
[active_model_serializers]   [1m[36mCACHE Country Load (0.0ms)[0m  [1m[34mSELECT "countries".* FROM "countries" WHERE "countries"."id" = $1 LIMIT $2[0m  [["id", 6], ["LIMIT", 1]]
[active_model_serializers]   ↳ app/serializers/flow_serializer.rb:18:in `country'
[active_model_serializers]   [1m[36mCity Load (0.2ms)[0m  [1m[34mSELECT "cities".* FROM "cities" WHERE "cities"."id" = $1 LIMIT $2[0m  [["id", 12], ["LIMIT", 1]]
[active_model_serializers]   ↳ app/serializers/flow_serializer.rb:5:in `city'
[active_model_serializers]   [1m[36mCountry Load (0.1ms)[0m  [1m[34mSELECT "countries".* FROM "countries" WHERE "countries"."id" = $1 LIMIT $2[0m  [["id", 3], ["LIMIT", 1]]
[active_model_serializers]   ↳ app/serializers/flow_serializer.rb:11:in `city'
[active_model_serializers]   [1m[36mCACHE Country Load (0.0ms)[0m  [1m[34mSELECT "countries".* FROM "countries" WHERE "countries"."id" = $1 LIMIT $2[0m  [["id", 3], ["LIMIT", 1]]
[active_model_serializers]   ↳ app/serializers/flow_serializer.rb:18:in `country'
[active_model_serializers] Rendered ActiveModel::Serializer::CollectionSerializer with ActiveModelSerializers::Adapter::Attributes (12.41ms)
Completed 200 OK in 17ms (Views: 14.3ms | ActiveRecord: 2.7ms | Allocations: 18906)


Started GET "/flows" for ::1 at 2025-08-17 01:41:14 -0500
Started GET "/cities" for ::1 at 2025-08-17 01:41:14 -0500
Started GET "/countries" for ::1 at 2025-08-17 01:41:14 -0500
Processing by FlowsController#index as */*
Processing by CitiesController#index as */*
Processing by CountriesController#index as */*
  [1m[36mFlow Load (1.6ms)[0m  [1m[34mSELECT "flows".* FROM "flows"[0m
  ↳ app/controllers/flows_controller.rb:8:in `index'
  [1m[36mCity Load (2.9ms)[0m  [1m[34mSELECT "cities".* FROM "cities"[0m
  [1m[36mCountry Load (2.3ms)[0m  [1m[34mSELECT "countries".* FROM "countries"[0m
  ↳ app/controllers/cities_controller.rb:5:in `index'
  ↳ app/controllers/countries_controller.rb:5:in `index'
[active_model_serializers]   [1m[36mCity Load (1.9ms)[0m  [1m[34mSELECT "cities".* FROM "cities" WHERE "cities"."id" = $1 LIMIT $2[0m  [["id", 32], ["LIMIT", 1]]
[active_model_serializers] Rendered ActiveModel::Serializer::CollectionSerializer with ActiveModelSerializers::Adapter::Attributes (0.6ms)
[active_model_serializers]   ↳ app/serializers/flow_serializer.rb:5:in `city'
Completed 200 OK in 6ms (Views: 4.0ms | ActiveRecord: 2.3ms | Allocations: 4592)


  [1m[36mCountry Load (2.1ms)[0m  [1m[34mSELECT "countries".* FROM "countries" WHERE "countries"."id" IN ($1, $2, $3, $4)[0m  [["id", 2], ["id", 3], ["id", 5], ["id", 6]]
  ↳ app/controllers/cities_controller.rb:5:in `index'
[active_model_serializers] Rendered ActiveModel::Serializer::CollectionSerializer with ActiveModelSerializers::Adapter::Attributes (5.0ms)
[active_model_serializers]   [1m[36mCountry Load (7.2ms)[0m  [1m[34mSELECT "countries".* FROM "countries" WHERE "countries"."id" = $1 LIMIT $2[0m  [["id", 6], ["LIMIT", 1]]
Completed 200 OK in 15ms (Views: 9.7ms | ActiveRecord: 5.0ms | Allocations: 16490)


[active_model_serializers]   ↳ app/serializers/flow_serializer.rb:11:in `city'
[active_model_serializers]   [1m[36mCACHE Country Load (0.0ms)[0m  [1m[34mSELECT "countries".* FROM "countries" WHERE "countries"."id" = $1 LIMIT $2[0m  [["id", 6], ["LIMIT", 1]]
[active_model_serializers]   ↳ app/serializers/flow_serializer.rb:18:in `country'
[active_model_serializers]   [1m[36mCity Load (0.4ms)[0m  [1m[34mSELECT "cities".* FROM "cities" WHERE "cities"."id" = $1 LIMIT $2[0m  [["id", 12], ["LIMIT", 1]]
[active_model_serializers]   ↳ app/serializers/flow_serializer.rb:5:in `city'
[active_model_serializers]   [1m[36mCountry Load (0.1ms)[0m  [1m[34mSELECT "countries".* FROM "countries" WHERE "countries"."id" = $1 LIMIT $2[0m  [["id", 3], ["LIMIT", 1]]
[active_model_serializers]   ↳ app/serializers/flow_serializer.rb:11:in `city'
[active_model_serializers]   [1m[36mCACHE Country Load (0.0ms)[0m  [1m[34mSELECT "countries".* FROM "countries" WHERE "countries"."id" = $1 LIMIT $2[0m  [["id", 3], ["LIMIT", 1]]
[active_model_serializers]   ↳ app/serializers/flow_serializer.rb:18:in `country'
[active_model_serializers] Rendered ActiveModel::Serializer::CollectionSerializer with ActiveModelSerializers::Adapter::Attributes (16.08ms)
Completed 200 OK in 19ms (Views: 7.9ms | ActiveRecord: 11.1ms | Allocations: 19487)


Started GET "/cities" for ::1 at 2025-08-17 01:48:38 -0500
Started GET "/flows" for ::1 at 2025-08-17 01:48:38 -0500
Started GET "/countries" for ::1 at 2025-08-17 01:48:38 -0500
Processing by CitiesController#index as */*
Processing by FlowsController#index as */*
Processing by CountriesController#index as */*
  [1m[36mCity Load (39.7ms)[0m  [1m[34mSELECT "cities".* FROM "cities"[0m
  [1m[36mCountry Load (38.7ms)[0m  [1m[34mSELECT "countries".* FROM "countries"[0m
  ↳ app/controllers/cities_controller.rb:5:in `index'
  ↳ app/controllers/countries_controller.rb:5:in `index'
[active_model_serializers] Rendered ActiveModel::Serializer::CollectionSerializer with ActiveModelSerializers::Adapter::Attributes (1.76ms)
Completed 200 OK in 46ms (Views: -11.7ms | ActiveRecord: 57.8ms | Allocations: 11000)


  [1m[36mFlow Load (46.5ms)[0m  [1m[34mSELECT "flows".* FROM "flows"[0m
  [1m[36mCountry Load (4.4ms)[0m  [1m[34mSELECT "countries".* FROM "countries" WHERE "countries"."id" IN ($1, $2, $3, $4)[0m  [["id", 2], ["id", 3], ["id", 5], ["id", 6]]
  ↳ app/controllers/flows_controller.rb:8:in `index'
  ↳ app/controllers/cities_controller.rb:5:in `index'
[active_model_serializers] Rendered ActiveModel::Serializer::CollectionSerializer with ActiveModelSerializers::Adapter::Attributes (15.81ms)
Completed 200 OK in 72ms (Views: 7.9ms | ActiveRecord: 62.9ms | Allocations: 25344)


Started GET "/countries" for ::1 at 2025-08-17 01:48:38 -0500
Processing by CountriesController#index as */*
Started GET "/cities" for ::1 at 2025-08-17 01:48:38 -0500
[active_model_serializers]   [1m[36mCity Load (1.1ms)[0m  [1m[34mSELECT "cities".* FROM "cities" WHERE "cities"."id" = $1 LIMIT $2[0m  [["id", 32], ["LIMIT", 1]]
[active_model_serializers]   ↳ app/serializers/flow_serializer.rb:5:in `city'
Processing by CitiesController#index as */*
  [1m[36mCountry Load (2.0ms)[0m  [1m[34mSELECT "countries".* FROM "countries"[0m
  ↳ app/controllers/countries_controller.rb:5:in `index'
[active_model_serializers] Rendered ActiveModel::Serializer::CollectionSerializer with ActiveModelSerializers::Adapter::Attributes (0.62ms)
Completed 200 OK in 4ms (Views: 2.2ms | ActiveRecord: 2.0ms | Allocations: 3182)


  [1m[36mCity Load (3.5ms)[0m  [1m[34mSELECT "cities".* FROM "cities"[0m
  ↳ app/controllers/cities_controller.rb:5:in `index'
[active_model_serializers]   [1m[36mCountry Load (2.5ms)[0m  [1m[34mSELECT "countries".* FROM "countries" WHERE "countries"."id" = $1 LIMIT $2[0m  [["id", 6], ["LIMIT", 1]]
[active_model_serializers]   ↳ app/serializers/flow_serializer.rb:11:in `city'
[active_model_serializers]   [1m[36mCACHE Country Load (0.0ms)[0m  [1m[34mSELECT "countries".* FROM "countries" WHERE "countries"."id" = $1 LIMIT $2[0m  [["id", 6], ["LIMIT", 1]]
[active_model_serializers]   ↳ app/serializers/flow_serializer.rb:18:in `country'
  [1m[36mCountry Load (1.1ms)[0m  [1m[34mSELECT "countries".* FROM "countries" WHERE "countries"."id" IN ($1, $2, $3, $4)[0m  [["id", 2], ["id", 3], ["id", 5], ["id", 6]]
  ↳ app/controllers/cities_controller.rb:5:in `index'
[active_model_serializers] Rendered ActiveModel::Serializer::CollectionSerializer with ActiveModelSerializers::Adapter::Attributes (5.7ms)
Completed 200 OK in 13ms (Views: 8.6ms | ActiveRecord: 4.6ms | Allocations: 15726)


[active_model_serializers]   [1m[36mCity Load (7.0ms)[0m  [1m[34mSELECT "cities".* FROM "cities" WHERE "cities"."id" = $1 LIMIT $2[0m  [["id", 12], ["LIMIT", 1]]
[active_model_serializers]   ↳ app/serializers/flow_serializer.rb:5:in `city'
[active_model_serializers]   [1m[36mCountry Load (0.5ms)[0m  [1m[34mSELECT "countries".* FROM "countries" WHERE "countries"."id" = $1 LIMIT $2[0m  [["id", 3], ["LIMIT", 1]]
[active_model_serializers]   ↳ app/serializers/flow_serializer.rb:11:in `city'
[active_model_serializers]   [1m[36mCACHE Country Load (0.0ms)[0m  [1m[34mSELECT "countries".* FROM "countries" WHERE "countries"."id" = $1 LIMIT $2[0m  [["id", 3], ["LIMIT", 1]]
[active_model_serializers]   ↳ app/serializers/flow_serializer.rb:18:in `country'
[active_model_serializers] Rendered ActiveModel::Serializer::CollectionSerializer with ActiveModelSerializers::Adapter::Attributes (37.75ms)
Completed 200 OK in 88ms (Views: -6.3ms | ActiveRecord: 94.2ms | Allocations: 43640)


Started GET "/flows" for ::1 at 2025-08-17 01:48:38 -0500
Processing by FlowsController#index as */*
  [1m[36mFlow Load (2.3ms)[0m  [1m[34mSELECT "flows".* FROM "flows"[0m
  ↳ app/controllers/flows_controller.rb:8:in `index'
[active_model_serializers]   [1m[36mCity Load (0.3ms)[0m  [1m[34mSELECT "cities".* FROM "cities" WHERE "cities"."id" = $1 LIMIT $2[0m  [["id", 32], ["LIMIT", 1]]
[active_model_serializers]   ↳ app/serializers/flow_serializer.rb:5:in `city'
[active_model_serializers]   [1m[36mCountry Load (0.2ms)[0m  [1m[34mSELECT "countries".* FROM "countries" WHERE "countries"."id" = $1 LIMIT $2[0m  [["id", 6], ["LIMIT", 1]]
[active_model_serializers]   ↳ app/serializers/flow_serializer.rb:11:in `city'
[active_model_serializers]   [1m[36mCACHE Country Load (0.0ms)[0m  [1m[34mSELECT "countries".* FROM "countries" WHERE "countries"."id" = $1 LIMIT $2[0m  [["id", 6], ["LIMIT", 1]]
[active_model_serializers]   ↳ app/serializers/flow_serializer.rb:18:in `country'
[active_model_serializers]   [1m[36mCity Load (0.2ms)[0m  [1m[34mSELECT "cities".* FROM "cities" WHERE "cities"."id" = $1 LIMIT $2[0m  [["id", 12], ["LIMIT", 1]]
[active_model_serializers]   ↳ app/serializers/flow_serializer.rb:5:in `city'
[active_model_serializers]   [1m[36mCountry Load (0.3ms)[0m  [1m[34mSELECT "countries".* FROM "countries" WHERE "countries"."id" = $1 LIMIT $2[0m  [["id", 3], ["LIMIT", 1]]
[active_model_serializers]   ↳ app/serializers/flow_serializer.rb:11:in `city'
[active_model_serializers]   [1m[36mCACHE Country Load (0.0ms)[0m  [1m[34mSELECT "countries".* FROM "countries" WHERE "countries"."id" = $1 LIMIT $2[0m  [["id", 3], ["LIMIT", 1]]
[active_model_serializers]   ↳ app/serializers/flow_serializer.rb:18:in `country'
[active_model_serializers] Rendered ActiveModel::Serializer::CollectionSerializer with ActiveModelSerializers::Adapter::Attributes (4.15ms)
Completed 200 OK in 7ms (Views: 4.0ms | ActiveRecord: 3.3ms | Allocations: 4213)


Started POST "/flows" for ::1 at 2025-08-17 01:49:11 -0500
Processing by FlowsController#create as */*
  Parameters: {"flow"=>{"name"=>"OtroRegistro", "city_id"=>33, "country_id"=>6, "sections"=>[]}}
  [1m[36mTRANSACTION (0.9ms)[0m  [1m[35mBEGIN[0m
  ↳ app/controllers/flows_controller.rb:20:in `create'
  [1m[36mFlow Exists? (5.6ms)[0m  [1m[34mSELECT 1 AS one FROM "flows" WHERE "flows"."name" = $1 LIMIT $2[0m  [["name", "OtroRegistro"], ["LIMIT", 1]]
  ↳ app/controllers/flows_controller.rb:20:in `create'
  [1m[36mTRANSACTION (0.3ms)[0m  [1m[31mROLLBACK[0m
  ↳ app/controllers/flows_controller.rb:20:in `create'
/Users/haroldmideros/.rbenv/versions/3.3.6/lib/ruby/gems/3.3.0/gems/actionpack-7.1.5.2/lib/action_controller/metal/rendering.rb:207: warning: Status code :unprocessable_entity is deprecated and will be removed in a future version of Rack. Please use :unprocessable_content instead.
[active_model_serializers] Rendered ActiveModel::Serializer::Null with Hash (0.03ms)
Completed 422 Unprocessable Content in 174ms (Views: 5.4ms | ActiveRecord: 6.7ms | Allocations: 285688)


Started GET "/countries" for ::1 at 2025-08-17 01:49:51 -0500
Started GET "/cities" for ::1 at 2025-08-17 01:49:51 -0500
Started GET "/flows" for ::1 at 2025-08-17 01:49:51 -0500
Processing by CountriesController#index as */*
Processing by CitiesController#index as */*
Processing by FlowsController#index as */*
  [1m[36mCountry Load (4.9ms)[0m  [1m[34mSELECT "countries".* FROM "countries"[0m
  ↳ app/controllers/countries_controller.rb:5:in `index'
  [1m[36mCity Load (3.4ms)[0m  [1m[34mSELECT "cities".* FROM "cities"[0m
[active_model_serializers] Rendered ActiveModel::Serializer::CollectionSerializer with ActiveModelSerializers::Adapter::Attributes (4.79ms)
  ↳ app/controllers/cities_controller.rb:5:in `index'
  [1m[36mFlow Load (10.3ms)[0m  [1m[34mSELECT "flows".* FROM "flows"[0m
Completed 200 OK in 15ms (Views: 10.2ms | ActiveRecord: 4.9ms | Allocations: 3142)


  ↳ app/controllers/flows_controller.rb:8:in `index'
  [1m[36mCountry Load (2.8ms)[0m  [1m[34mSELECT "countries".* FROM "countries" WHERE "countries"."id" IN ($1, $2, $3, $4)[0m  [["id", 2], ["id", 3], ["id", 5], ["id", 6]]
  ↳ app/controllers/cities_controller.rb:5:in `index'
[active_model_serializers] Rendered ActiveModel::Serializer::CollectionSerializer with ActiveModelSerializers::Adapter::Attributes (5.46ms)
Completed 200 OK in 26ms (Views: 19.1ms | ActiveRecord: 6.2ms | Allocations: 15955)


Started GET "/countries" for ::1 at 2025-08-17 01:49:51 -0500
Processing by CountriesController#index as */*
[active_model_serializers]   [1m[36mCity Load (1.3ms)[0m  [1m[34mSELECT "cities".* FROM "cities" WHERE "cities"."id" = $1 LIMIT $2[0m  [["id", 32], ["LIMIT", 1]]
[active_model_serializers]   ↳ app/serializers/flow_serializer.rb:5:in `city'
Started GET "/cities" for ::1 at 2025-08-17 01:49:51 -0500
  [1m[36mCountry Load (1.5ms)[0m  [1m[34mSELECT "countries".* FROM "countries"[0m
Processing by CitiesController#index as */*
[active_model_serializers]   [1m[36mCountry Load (0.3ms)[0m  [1m[34mSELECT "countries".* FROM "countries" WHERE "countries"."id" = $1 LIMIT $2[0m  [["id", 6], ["LIMIT", 1]]
  ↳ app/controllers/countries_controller.rb:5:in `index'
[active_model_serializers]   ↳ app/serializers/flow_serializer.rb:11:in `city'
[active_model_serializers] Rendered ActiveModel::Serializer::CollectionSerializer with ActiveModelSerializers::Adapter::Attributes (0.56ms)
[active_model_serializers]   [1m[36mCACHE Country Load (0.0ms)[0m  [1m[34mSELECT "countries".* FROM "countries" WHERE "countries"."id" = $1 LIMIT $2[0m  [["id", 6], ["LIMIT", 1]]
Completed 200 OK in 5ms (Views: 3.2ms | ActiveRecord: 1.5ms | Allocations: 3745)


[active_model_serializers]   ↳ app/serializers/flow_serializer.rb:18:in `country'
  [1m[36mCity Load (2.6ms)[0m  [1m[34mSELECT "cities".* FROM "cities"[0m
  ↳ app/controllers/cities_controller.rb:5:in `index'
[active_model_serializers]   [1m[36mCity Load (1.4ms)[0m  [1m[34mSELECT "cities".* FROM "cities" WHERE "cities"."id" = $1 LIMIT $2[0m  [["id", 12], ["LIMIT", 1]]
[active_model_serializers]   ↳ app/serializers/flow_serializer.rb:5:in `city'
  [1m[36mCountry Load (0.6ms)[0m  [1m[34mSELECT "countries".* FROM "countries" WHERE "countries"."id" IN ($1, $2, $3, $4)[0m  [["id", 2], ["id", 3], ["id", 5], ["id", 6]]
  ↳ app/controllers/cities_controller.rb:5:in `index'
[active_model_serializers]   [1m[36mCountry Load (0.3ms)[0m  [1m[34mSELECT "countries".* FROM "countries" WHERE "countries"."id" = $1 LIMIT $2[0m  [["id", 3], ["LIMIT", 1]]
[active_model_serializers] Rendered ActiveModel::Serializer::CollectionSerializer with ActiveModelSerializers::Adapter::Attributes (4.33ms)
[active_model_serializers]   ↳ app/serializers/flow_serializer.rb:11:in `city'
Completed 200 OK in 10ms (Views: 7.0ms | ActiveRecord: 3.3ms | Allocations: 16125)


[active_model_serializers]   [1m[36mCACHE Country Load (0.0ms)[0m  [1m[34mSELECT "countries".* FROM "countries" WHERE "countries"."id" = $1 LIMIT $2[0m  [["id", 3], ["LIMIT", 1]]
[active_model_serializers]   ↳ app/serializers/flow_serializer.rb:18:in `country'
[active_model_serializers] Rendered ActiveModel::Serializer::CollectionSerializer with ActiveModelSerializers::Adapter::Attributes (25.48ms)
Completed 200 OK in 42ms (Views: 27.0ms | ActiveRecord: 14.5ms | Allocations: 35078)


Started GET "/flows" for ::1 at 2025-08-17 01:49:51 -0500
Processing by FlowsController#index as */*
  [1m[36mFlow Load (0.7ms)[0m  [1m[34mSELECT "flows".* FROM "flows"[0m
  ↳ app/controllers/flows_controller.rb:8:in `index'
[active_model_serializers]   [1m[36mCity Load (0.3ms)[0m  [1m[34mSELECT "cities".* FROM "cities" WHERE "cities"."id" = $1 LIMIT $2[0m  [["id", 32], ["LIMIT", 1]]
[active_model_serializers]   ↳ app/serializers/flow_serializer.rb:5:in `city'
[active_model_serializers]   [1m[36mCountry Load (0.2ms)[0m  [1m[34mSELECT "countries".* FROM "countries" WHERE "countries"."id" = $1 LIMIT $2[0m  [["id", 6], ["LIMIT", 1]]
[active_model_serializers]   ↳ app/serializers/flow_serializer.rb:11:in `city'
[active_model_serializers]   [1m[36mCACHE Country Load (0.0ms)[0m  [1m[34mSELECT "countries".* FROM "countries" WHERE "countries"."id" = $1 LIMIT $2[0m  [["id", 6], ["LIMIT", 1]]
[active_model_serializers]   ↳ app/serializers/flow_serializer.rb:18:in `country'
[active_model_serializers]   [1m[36mCity Load (0.2ms)[0m  [1m[34mSELECT "cities".* FROM "cities" WHERE "cities"."id" = $1 LIMIT $2[0m  [["id", 12], ["LIMIT", 1]]
[active_model_serializers]   ↳ app/serializers/flow_serializer.rb:5:in `city'
[active_model_serializers]   [1m[36mCountry Load (0.1ms)[0m  [1m[34mSELECT "countries".* FROM "countries" WHERE "countries"."id" = $1 LIMIT $2[0m  [["id", 3], ["LIMIT", 1]]
[active_model_serializers]   ↳ app/serializers/flow_serializer.rb:11:in `city'
[active_model_serializers]   [1m[36mCACHE Country Load (0.0ms)[0m  [1m[34mSELECT "countries".* FROM "countries" WHERE "countries"."id" = $1 LIMIT $2[0m  [["id", 3], ["LIMIT", 1]]
[active_model_serializers]   ↳ app/serializers/flow_serializer.rb:18:in `country'
[active_model_serializers] Rendered ActiveModel::Serializer::CollectionSerializer with ActiveModelSerializers::Adapter::Attributes (3.5ms)
Completed 200 OK in 5ms (Views: 3.5ms | ActiveRecord: 1.6ms | Allocations: 4213)


Started POST "/flows" for ::1 at 2025-08-17 01:50:06 -0500
Processing by FlowsController#create as */*
  Parameters: {"flow"=>{"name"=>"SomeTestFlow", "city_id"=>33, "country_id"=>6, "sections"=>[{"id"=>"section_1755413359666", "name"=>"New Section", "forms"=>[{"id"=>"form_1755413364175", "name"=>"New Form", "fields"=>[{"id"=>"field_1755413372113", "type"=>"tel", "label"=>"New Tel", "placeholder"=>"Enter tel", "validations"=>{"required"=>false}, "metadata"=>{"translatable"=>true}}]}]}]}}
  [1m[36mTRANSACTION (1.0ms)[0m  [1m[35mBEGIN[0m
  ↳ app/controllers/flows_controller.rb:20:in `create'
  [1m[36mFlow Exists? (3.2ms)[0m  [1m[34mSELECT 1 AS one FROM "flows" WHERE "flows"."name" = $1 LIMIT $2[0m  [["name", "SomeTestFlow"], ["LIMIT", 1]]
  ↳ app/controllers/flows_controller.rb:20:in `create'
  [1m[36mFlow Create (3.5ms)[0m  [1m[32mINSERT INTO "flows" ("id", "name", "json_schema", "city_id", "country_id", "created_at", "updated_at") VALUES ($1, $2, $3, $4, $5, $6, $7) RETURNING "id"[0m  [["id", "0821db3b-8e2a-4444-b680-7facb36a567a"], ["name", "SomeTestFlow"], ["json_schema", "{\"sections\":[{\"id\":\"section_1755413359666\",\"name\":\"New Section\",\"forms\":[{\"id\":\"form_1755413364175\",\"name\":\"New Form\",\"fields\":[{\"id\":\"field_1755413372113\",\"type\":\"tel\",\"label\":\"New Tel\",\"placeholder\":\"Enter tel\",\"validations\":{\"required\":false},\"metadata\":{\"translatable\":true}}]}]}]}"], ["city_id", 33], ["country_id", 6], ["created_at", "2025-08-17 06:50:06.183474"], ["updated_at", "2025-08-17 06:50:06.183474"]]
  ↳ app/controllers/flows_controller.rb:20:in `create'
  [1m[36mTRANSACTION (1.5ms)[0m  [1m[35mCOMMIT[0m
  ↳ app/controllers/flows_controller.rb:20:in `create'
[active_model_serializers]   [1m[36mCity Load (0.6ms)[0m  [1m[34mSELECT "cities".* FROM "cities" WHERE "cities"."id" = $1 LIMIT $2[0m  [["id", 33], ["LIMIT", 1]]
[active_model_serializers]   ↳ app/serializers/flow_serializer.rb:5:in `city'
[active_model_serializers]   [1m[36mCountry Load (0.3ms)[0m  [1m[34mSELECT "countries".* FROM "countries" WHERE "countries"."id" = $1 LIMIT $2[0m  [["id", 6], ["LIMIT", 1]]
[active_model_serializers]   ↳ app/serializers/flow_serializer.rb:11:in `city'
[active_model_serializers]   [1m[36mCACHE Country Load (0.0ms)[0m  [1m[34mSELECT "countries".* FROM "countries" WHERE "countries"."id" = $1 LIMIT $2[0m  [["id", 6], ["LIMIT", 1]]
[active_model_serializers]   ↳ app/serializers/flow_serializer.rb:18:in `country'
[active_model_serializers] Rendered FlowSerializer with ActiveModelSerializers::Adapter::Attributes (6.78ms)
Completed 201 Created in 24ms (Views: 7.4ms | ActiveRecord: 10.1ms | Allocations: 4379)


Started GET "/flows" for ::1 at 2025-08-17 01:50:06 -0500
Processing by FlowsController#index as */*
  [1m[36mFlow Load (0.7ms)[0m  [1m[34mSELECT "flows".* FROM "flows"[0m
  ↳ app/controllers/flows_controller.rb:8:in `index'
[active_model_serializers]   [1m[36mCity Load (0.5ms)[0m  [1m[34mSELECT "cities".* FROM "cities" WHERE "cities"."id" = $1 LIMIT $2[0m  [["id", 32], ["LIMIT", 1]]
[active_model_serializers]   ↳ app/serializers/flow_serializer.rb:5:in `city'
[active_model_serializers]   [1m[36mCountry Load (0.5ms)[0m  [1m[34mSELECT "countries".* FROM "countries" WHERE "countries"."id" = $1 LIMIT $2[0m  [["id", 6], ["LIMIT", 1]]
[active_model_serializers]   ↳ app/serializers/flow_serializer.rb:11:in `city'
[active_model_serializers]   [1m[36mCACHE Country Load (0.0ms)[0m  [1m[34mSELECT "countries".* FROM "countries" WHERE "countries"."id" = $1 LIMIT $2[0m  [["id", 6], ["LIMIT", 1]]
[active_model_serializers]   ↳ app/serializers/flow_serializer.rb:18:in `country'
[active_model_serializers]   [1m[36mCity Load (0.4ms)[0m  [1m[34mSELECT "cities".* FROM "cities" WHERE "cities"."id" = $1 LIMIT $2[0m  [["id", 12], ["LIMIT", 1]]
[active_model_serializers]   ↳ app/serializers/flow_serializer.rb:5:in `city'
[active_model_serializers]   [1m[36mCountry Load (0.2ms)[0m  [1m[34mSELECT "countries".* FROM "countries" WHERE "countries"."id" = $1 LIMIT $2[0m  [["id", 3], ["LIMIT", 1]]
[active_model_serializers]   ↳ app/serializers/flow_serializer.rb:11:in `city'
[active_model_serializers]   [1m[36mCACHE Country Load (0.0ms)[0m  [1m[34mSELECT "countries".* FROM "countries" WHERE "countries"."id" = $1 LIMIT $2[0m  [["id", 3], ["LIMIT", 1]]
[active_model_serializers]   ↳ app/serializers/flow_serializer.rb:18:in `country'
[active_model_serializers]   [1m[36mCity Load (3.5ms)[0m  [1m[34mSELECT "cities".* FROM "cities" WHERE "cities"."id" = $1 LIMIT $2[0m  [["id", 33], ["LIMIT", 1]]
[active_model_serializers]   ↳ app/serializers/flow_serializer.rb:5:in `city'
[active_model_serializers]   [1m[36mCACHE Country Load (0.0ms)[0m  [1m[34mSELECT "countries".* FROM "countries" WHERE "countries"."id" = $1 LIMIT $2[0m  [["id", 6], ["LIMIT", 1]]
[active_model_serializers]   ↳ app/serializers/flow_serializer.rb:11:in `city'
[active_model_serializers]   [1m[36mCACHE Country Load (0.0ms)[0m  [1m[34mSELECT "countries".* FROM "countries" WHERE "countries"."id" = $1 LIMIT $2[0m  [["id", 6], ["LIMIT", 1]]
[active_model_serializers]   ↳ app/serializers/flow_serializer.rb:18:in `country'
[active_model_serializers] Rendered ActiveModel::Serializer::CollectionSerializer with ActiveModelSerializers::Adapter::Attributes (23.39ms)
Completed 200 OK in 27ms (Views: 20.6ms | ActiveRecord: 5.7ms | Allocations: 5805)


Started PUT "/flows/15dc0134-a2e6-4813-b855-dbc72333059b" for ::1 at 2025-08-17 01:51:00 -0500
Processing by FlowsController#update as */*
  Parameters: {"flow"=>{"name"=>"ProffesionalRegistration", "city_id"=>32, "country_id"=>6, "sections"=>[{"id"=>"section_1755411347109", "name"=>"Información Personal", "forms"=>[{"id"=>"form_1755411350835", "name"=>"New Form", "fields"=>[{"id"=>"field_1755411355559", "type"=>"text", "label"=>"New Text", "placeholder"=>"Your name here!", "validations"=>{"required"=>true}, "metadata"=>{"translatable"=>true}}]}]}]}, "id"=>"15dc0134-a2e6-4813-b855-dbc72333059b"}
  [1m[36mFlow Load (0.5ms)[0m  [1m[34mSELECT "flows".* FROM "flows" WHERE "flows"."id" = $1 LIMIT $2[0m  [["id", "15dc0134-a2e6-4813-b855-dbc72333059b"], ["LIMIT", 1]]
  ↳ app/controllers/flows_controller.rb:68:in `set_flow'
  [1m[36mTRANSACTION (0.4ms)[0m  [1m[35mBEGIN[0m
  ↳ app/controllers/flows_controller.rb:29:in `update'
  [1m[36mFlow Update (6.4ms)[0m  [1m[33mUPDATE "flows" SET "json_schema" = $1, "updated_at" = $2 WHERE "flows"."id" = $3[0m  [["json_schema", "{\"sections\":[{\"id\":\"section_1755411347109\",\"name\":\"Información Personal\",\"forms\":[{\"id\":\"form_1755411350835\",\"name\":\"New Form\",\"fields\":[{\"id\":\"field_1755411355559\",\"type\":\"text\",\"label\":\"New Text\",\"placeholder\":\"Your name here!\",\"validations\":{\"required\":true},\"metadata\":{\"translatable\":true}}]}]}]}"], ["updated_at", "2025-08-17 06:51:00.457539"], ["id", "15dc0134-a2e6-4813-b855-dbc72333059b"]]
  ↳ app/controllers/flows_controller.rb:29:in `update'
  [1m[36mTRANSACTION (0.8ms)[0m  [1m[35mCOMMIT[0m
  ↳ app/controllers/flows_controller.rb:29:in `update'
[active_model_serializers]   [1m[36mCity Load (0.3ms)[0m  [1m[34mSELECT "cities".* FROM "cities" WHERE "cities"."id" = $1 LIMIT $2[0m  [["id", 32], ["LIMIT", 1]]
[active_model_serializers]   ↳ app/serializers/flow_serializer.rb:5:in `city'
[active_model_serializers]   [1m[36mCountry Load (0.2ms)[0m  [1m[34mSELECT "countries".* FROM "countries" WHERE "countries"."id" = $1 LIMIT $2[0m  [["id", 6], ["LIMIT", 1]]
[active_model_serializers]   ↳ app/serializers/flow_serializer.rb:11:in `city'
[active_model_serializers]   [1m[36mCACHE Country Load (0.0ms)[0m  [1m[34mSELECT "countries".* FROM "countries" WHERE "countries"."id" = $1 LIMIT $2[0m  [["id", 6], ["LIMIT", 1]]
[active_model_serializers]   ↳ app/serializers/flow_serializer.rb:18:in `country'
[active_model_serializers] Rendered FlowSerializer with ActiveModelSerializers::Adapter::Attributes (5.0ms)
Completed 200 OK in 29ms (Views: 5.1ms | ActiveRecord: 8.6ms | Allocations: 4185)


Started GET "/flows" for ::1 at 2025-08-17 01:51:00 -0500
Processing by FlowsController#index as */*
  [1m[36mFlow Load (2.4ms)[0m  [1m[34mSELECT "flows".* FROM "flows"[0m
  ↳ app/controllers/flows_controller.rb:8:in `index'
[active_model_serializers]   [1m[36mCity Load (0.3ms)[0m  [1m[34mSELECT "cities".* FROM "cities" WHERE "cities"."id" = $1 LIMIT $2[0m  [["id", 12], ["LIMIT", 1]]
[active_model_serializers]   ↳ app/serializers/flow_serializer.rb:5:in `city'
[active_model_serializers]   [1m[36mCountry Load (0.2ms)[0m  [1m[34mSELECT "countries".* FROM "countries" WHERE "countries"."id" = $1 LIMIT $2[0m  [["id", 3], ["LIMIT", 1]]
[active_model_serializers]   ↳ app/serializers/flow_serializer.rb:11:in `city'
[active_model_serializers]   [1m[36mCACHE Country Load (0.0ms)[0m  [1m[34mSELECT "countries".* FROM "countries" WHERE "countries"."id" = $1 LIMIT $2[0m  [["id", 3], ["LIMIT", 1]]
[active_model_serializers]   ↳ app/serializers/flow_serializer.rb:18:in `country'
[active_model_serializers]   [1m[36mCity Load (0.1ms)[0m  [1m[34mSELECT "cities".* FROM "cities" WHERE "cities"."id" = $1 LIMIT $2[0m  [["id", 33], ["LIMIT", 1]]
[active_model_serializers]   ↳ app/serializers/flow_serializer.rb:5:in `city'
[active_model_serializers]   [1m[36mCountry Load (0.3ms)[0m  [1m[34mSELECT "countries".* FROM "countries" WHERE "countries"."id" = $1 LIMIT $2[0m  [["id", 6], ["LIMIT", 1]]
[active_model_serializers]   ↳ app/serializers/flow_serializer.rb:11:in `city'
[active_model_serializers]   [1m[36mCACHE Country Load (0.0ms)[0m  [1m[34mSELECT "countries".* FROM "countries" WHERE "countries"."id" = $1 LIMIT $2[0m  [["id", 6], ["LIMIT", 1]]
[active_model_serializers]   ↳ app/serializers/flow_serializer.rb:18:in `country'
[active_model_serializers]   [1m[36mCity Load (0.2ms)[0m  [1m[34mSELECT "cities".* FROM "cities" WHERE "cities"."id" = $1 LIMIT $2[0m  [["id", 32], ["LIMIT", 1]]
[active_model_serializers]   ↳ app/serializers/flow_serializer.rb:5:in `city'
[active_model_serializers]   [1m[36mCACHE Country Load (0.0ms)[0m  [1m[34mSELECT "countries".* FROM "countries" WHERE "countries"."id" = $1 LIMIT $2[0m  [["id", 6], ["LIMIT", 1]]
[active_model_serializers]   ↳ app/serializers/flow_serializer.rb:11:in `city'
[active_model_serializers]   [1m[36mCACHE Country Load (0.0ms)[0m  [1m[34mSELECT "countries".* FROM "countries" WHERE "countries"."id" = $1 LIMIT $2[0m  [["id", 6], ["LIMIT", 1]]
[active_model_serializers]   ↳ app/serializers/flow_serializer.rb:18:in `country'
[active_model_serializers] Rendered ActiveModel::Serializer::CollectionSerializer with ActiveModelSerializers::Adapter::Attributes (8.81ms)
Completed 200 OK in 13ms (Views: 9.6ms | ActiveRecord: 3.5ms | Allocations: 5804)


- Gracefully stopping, waiting for requests to finish
=== puma shutdown: 2025-08-17 01:52:56 -0500 ===
- Goodbye!
Exiting
